Using pre-set license
Built from '2021.1/staging' branch; Version is '2021.1.2f1 (e5d502d80fbb) revision 15062274'; Using compiler version '192528614'; Build Type 'Release'
OS: 'Windows 10 Enterprise; OS build 19041.867; Version 2004; 64bit' Language: 'ru' Physical Memory: 16304 MB
BatchMode: 1, IsHumanControllingUs: 0, StartBugReporterOnCrash: 0, Is64bit: 1, IsPro: 0

 COMMAND LINE ARGUMENTS:
E:\Unity\2021.1.2f1\Editor\Unity.exe
-adb2
-batchMode
-noUpm
-name
AssetImportWorker0
-projectPath
E:/Project/MazeTanks
-logFile
Logs/AssetImportWorker0.log
-srvPort
49926
Successfully changed project path to: E:/Project/MazeTanks
E:/Project/MazeTanks
Using Asset Import Pipeline V2.
Refreshing native plugins compatible for Editor in 34.11 ms, found 1 plugins.
Preloading 0 native plugins for Editor in 0.00 ms.
Initialize engine version: 2021.1.2f1 (e5d502d80fbb)
[Subsystems] Discovering subsystems at path E:/Unity/2021.1.2f1/Editor/Data/Resources/UnitySubsystems
[Subsystems] Discovering subsystems at path E:/Project/MazeTanks/Assets
GfxDevice: creating device client; threaded=0; jobified=0
Direct3D:
    Version:  Direct3D 11.0 [level 11.1]
    Renderer: NVIDIA GeForce GTX 1050 Ti (ID=0x1c82)
    Vendor:   NVIDIA
    VRAM:     4018 MB
    Driver:   27.21.14.5671
Initialize mono
Mono path[0] = 'E:/Unity/2021.1.2f1/Editor/Data/Managed'
Mono path[1] = 'E:/Unity/2021.1.2f1/Editor/Data/MonoBleedingEdge/lib/mono/unityjit'
Mono config path = 'E:/Unity/2021.1.2f1/Editor/Data/MonoBleedingEdge/etc'
Using monoOptions --debugger-agent=transport=dt_socket,embedding=1,server=y,suspend=n,address=127.0.0.1:56452
Begin MonoManager ReloadAssembly
Registering precompiled unity dll's ...
Register platform support module: E:/Unity/2021.1.2f1/Editor/Data/PlaybackEngines/WebGLSupport/UnityEditor.WebGL.Extensions.dll
Register platform support module: E:/Unity/2021.1.2f1/Editor/Data/PlaybackEngines/MacStandaloneSupport/UnityEditor.OSXStandalone.Extensions.dll
Register platform support module: E:/Unity/2021.1.2f1/Editor/Data/PlaybackEngines/WindowsStandaloneSupport/UnityEditor.WindowsStandalone.Extensions.dll
Register platform support module: E:/Unity/2021.1.2f1/Editor/Data/PlaybackEngines/LinuxStandaloneSupport/UnityEditor.LinuxStandalone.Extensions.dll
Register platform support module: E:/Unity/2021.1.2f1/Editor/Data/PlaybackEngines/LuminSupport/UnityEditor.Lumin.Extensions.dll
Registered in 0.001821 seconds.
Native extension for Lumin target not found
Native extension for LinuxStandalone target not found
Native extension for WindowsStandalone target not found
Native extension for OSXStandalone target not found
Native extension for WebGL target not found
Refreshing native plugins compatible for Editor in 36.03 ms, found 1 plugins.
Preloading 0 native plugins for Editor in 0.00 ms.
Mono: successfully reloaded assembly
- Completed reload, in  1.501 seconds
Platform modules already initialized, skipping
Registering precompiled user dll's ...
Registered in 0.000733 seconds.
Begin MonoManager ReloadAssembly
Native extension for Lumin target not found
Native extension for LinuxStandalone target not found
Native extension for WindowsStandalone target not found
Native extension for OSXStandalone target not found
Native extension for WebGL target not found
Refreshing native plugins compatible for Editor in 37.03 ms, found 1 plugins.
Preloading 0 native plugins for Editor in 0.00 ms.
Mono: successfully reloaded assembly
- Completed reload, in  1.000 seconds
Platform modules already initialized, skipping
========================================================================
Worker process is ready to serve import requests
Launched and connected shader compiler UnityShaderCompiler.exe after 0.05 seconds
Refreshing native plugins compatible for Editor in 0.32 ms, found 1 plugins.
Preloading 0 native plugins for Editor in 0.00 ms.
Unloading 1829 Unused Serialized files (Serialized files now loaded: 0)
System memory in use before: 86.9 MB.
System memory in use after: 87.0 MB.

Unloading 19 unused Assets to reduce memory usage. Loaded Objects now: 2292.
Total: 2.805100 ms (FindLiveObjects: 0.391500 ms CreateObjectMapping: 0.231100 ms MarkObjects: 2.116500 ms  DeleteObjects: 0.064700 ms)

========================================================================
Received Import Request.
  path: Assets/Scripts/GameManager.cs
  artifactKey: Guid(fbc12b0a3d66b39498cac7c537d0170f) Importer(815301076,1909f56bfc062723c751e8b465ee728b)
Start importing Assets/Scripts/GameManager.cs using Guid(fbc12b0a3d66b39498cac7c537d0170f) Importer(815301076,1909f56bfc062723c751e8b465ee728b)  -> (artifact id: 'f64b859298cde03bcf04c69f28268f59') in 0.083937 seconds 
========================================================================
Received Prepare
Registering precompiled user dll's ...
Registered in 0.000793 seconds.
Begin MonoManager ReloadAssembly
Native extension for Lumin target not found
Native extension for LinuxStandalone target not found
Native extension for WindowsStandalone target not found
Native extension for OSXStandalone target not found
Native extension for WebGL target not found
Refreshing native plugins compatible for Editor in 0.34 ms, found 1 plugins.
Preloading 0 native plugins for Editor in 0.00 ms.
Mono: successfully reloaded assembly
- Completed reload, in  0.907 seconds
Platform modules already initialized, skipping
Refreshing native plugins compatible for Editor in 0.34 ms, found 1 plugins.
Preloading 0 native plugins for Editor in 0.00 ms.
Unloading 1819 Unused Serialized files (Serialized files now loaded: 0)
System memory in use before: 86.3 MB.
System memory in use after: 86.5 MB.

Unloading 8 unused Assets to reduce memory usage. Loaded Objects now: 2295.
Total: 5.856900 ms (FindLiveObjects: 0.465000 ms CreateObjectMapping: 0.265000 ms MarkObjects: 5.088100 ms  DeleteObjects: 0.035900 ms)

========================================================================
Received Import Request.
  Time since last request: 281.876356 seconds.
  path: Assets/Scripts/Player.cs
  artifactKey: Guid(04a52a4db4e176544ab057f3570b49d9) Importer(815301076,1909f56bfc062723c751e8b465ee728b)
Start importing Assets/Scripts/Player.cs using Guid(04a52a4db4e176544ab057f3570b49d9) Importer(815301076,1909f56bfc062723c751e8b465ee728b)  -> (artifact id: 'bbb0515605ab7a9bea075c7cfe81b526') in 0.021042 seconds 
========================================================================
Received Prepare
Registering precompiled user dll's ...
Registered in 0.000776 seconds.
Begin MonoManager ReloadAssembly
Native extension for Lumin target not found
Native extension for LinuxStandalone target not found
Native extension for WindowsStandalone target not found
Native extension for OSXStandalone target not found
Native extension for WebGL target not found
Refreshing native plugins compatible for Editor in 0.34 ms, found 1 plugins.
Preloading 0 native plugins for Editor in 0.00 ms.
Mono: successfully reloaded assembly
- Completed reload, in  0.940 seconds
Platform modules already initialized, skipping
Refreshing native plugins compatible for Editor in 0.52 ms, found 1 plugins.
Preloading 0 native plugins for Editor in 0.00 ms.
Unloading 1828 Unused Serialized files (Serialized files now loaded: 0)
System memory in use before: 86.7 MB.
System memory in use after: 86.8 MB.

Unloading 8 unused Assets to reduce memory usage. Loaded Objects now: 2307.
Total: 5.610100 ms (FindLiveObjects: 0.346200 ms CreateObjectMapping: 0.205400 ms MarkObjects: 5.017100 ms  DeleteObjects: 0.038600 ms)

========================================================================
Received Import Request.
  Time since last request: 717.512544 seconds.
  path: Assets/Scripts/Player.cs
  artifactKey: Guid(04a52a4db4e176544ab057f3570b49d9) Importer(815301076,1909f56bfc062723c751e8b465ee728b)
Start importing Assets/Scripts/Player.cs using Guid(04a52a4db4e176544ab057f3570b49d9) Importer(815301076,1909f56bfc062723c751e8b465ee728b)  -> (artifact id: '1a156cc4473777c6edc48402e5d7bede') in 0.011979 seconds 
========================================================================
Received Import Request.
  Time since last request: 2.130757 seconds.
  path: Assets/Scripts
  artifactKey: Guid(23d6fff231deee149ae7e7cb5dedf0d3) Importer(815301076,1909f56bfc062723c751e8b465ee728b)
Start importing Assets/Scripts using Guid(23d6fff231deee149ae7e7cb5dedf0d3) Importer(815301076,1909f56bfc062723c751e8b465ee728b)  -> (artifact id: '0847ebbac73a21ee22b7b827611108f7') in 0.006954 seconds 
========================================================================
Received Prepare
Registering precompiled user dll's ...
Registered in 0.000766 seconds.
Begin MonoManager ReloadAssembly
Native extension for Lumin target not found
Native extension for LinuxStandalone target not found
Native extension for WindowsStandalone target not found
Native extension for OSXStandalone target not found
Native extension for WebGL target not found
Refreshing native plugins compatible for Editor in 0.33 ms, found 1 plugins.
Preloading 0 native plugins for Editor in 0.00 ms.
Mono: successfully reloaded assembly
- Completed reload, in  0.912 seconds
Platform modules already initialized, skipping
Refreshing native plugins compatible for Editor in 0.34 ms, found 1 plugins.
Preloading 0 native plugins for Editor in 0.00 ms.
Unloading 1829 Unused Serialized files (Serialized files now loaded: 0)
System memory in use before: 86.7 MB.
System memory in use after: 86.8 MB.

Unloading 8 unused Assets to reduce memory usage. Loaded Objects now: 2311.
Total: 2.146500 ms (FindLiveObjects: 0.165400 ms CreateObjectMapping: 0.080700 ms MarkObjects: 1.886100 ms  DeleteObjects: 0.013400 ms)

========================================================================
Received Import Request.
  Time since last request: 19.832987 seconds.
  path: Assets/Scripts/CastomInput.cs
  artifactKey: Guid(669b1b99cc1f9e24f80525850b656e57) Importer(815301076,1909f56bfc062723c751e8b465ee728b)
Start importing Assets/Scripts/CastomInput.cs using Guid(669b1b99cc1f9e24f80525850b656e57) Importer(815301076,1909f56bfc062723c751e8b465ee728b)  -> (artifact id: '6a89446e962f4761c2c2d2e567c3ad3f') in 0.007575 seconds 
========================================================================
Received Prepare
Registering precompiled user dll's ...
Registered in 0.000770 seconds.
Begin MonoManager ReloadAssembly
Native extension for Lumin target not found
Native extension for LinuxStandalone target not found
Native extension for WindowsStandalone target not found
Native extension for OSXStandalone target not found
Native extension for WebGL target not found
Refreshing native plugins compatible for Editor in 0.34 ms, found 1 plugins.
Preloading 0 native plugins for Editor in 0.00 ms.
Mono: successfully reloaded assembly
- Completed reload, in  1.010 seconds
Platform modules already initialized, skipping
Refreshing native plugins compatible for Editor in 0.36 ms, found 1 plugins.
Preloading 0 native plugins for Editor in 0.00 ms.
Unloading 1828 Unused Serialized files (Serialized files now loaded: 0)
System memory in use before: 86.7 MB.
System memory in use after: 86.8 MB.

Unloading 8 unused Assets to reduce memory usage. Loaded Objects now: 2314.
Total: 2.812600 ms (FindLiveObjects: 0.216600 ms CreateObjectMapping: 0.105100 ms MarkObjects: 2.473200 ms  DeleteObjects: 0.016400 ms)

========================================================================
Received Import Request.
  Time since last request: 31.753760 seconds.
  path: Assets/Scripts/CustomInput.cs
  artifactKey: Guid(9b52ee1ce9dee58468d804227b7a9535) Importer(815301076,1909f56bfc062723c751e8b465ee728b)
Start importing Assets/Scripts/CustomInput.cs using Guid(9b52ee1ce9dee58468d804227b7a9535) Importer(815301076,1909f56bfc062723c751e8b465ee728b)  -> (artifact id: '6d01cfc9d8b20a78a1b72780d25c2073') in 0.011751 seconds 
========================================================================
Received Prepare
Registering precompiled user dll's ...
Registered in 0.000902 seconds.
Begin MonoManager ReloadAssembly
Native extension for Lumin target not found
Native extension for LinuxStandalone target not found
Native extension for WindowsStandalone target not found
Native extension for OSXStandalone target not found
Native extension for WebGL target not found
Refreshing native plugins compatible for Editor in 0.35 ms, found 1 plugins.
Preloading 0 native plugins for Editor in 0.00 ms.
Mono: successfully reloaded assembly
- Completed reload, in  0.934 seconds
Platform modules already initialized, skipping
Refreshing native plugins compatible for Editor in 0.35 ms, found 1 plugins.
Preloading 0 native plugins for Editor in 0.00 ms.
Unloading 1829 Unused Serialized files (Serialized files now loaded: 0)
System memory in use before: 86.7 MB.
System memory in use after: 86.8 MB.

Unloading 8 unused Assets to reduce memory usage. Loaded Objects now: 2318.
Total: 6.124400 ms (FindLiveObjects: 0.524000 ms CreateObjectMapping: 0.707900 ms MarkObjects: 4.862100 ms  DeleteObjects: 0.028000 ms)

========================================================================
Received Prepare
Registering precompiled user dll's ...
Registered in 0.000840 seconds.
Begin MonoManager ReloadAssembly
Native extension for Lumin target not found
Native extension for LinuxStandalone target not found
Native extension for WindowsStandalone target not found
Native extension for OSXStandalone target not found
Native extension for WebGL target not found
Refreshing native plugins compatible for Editor in 0.35 ms, found 1 plugins.
Preloading 0 native plugins for Editor in 0.00 ms.
Mono: successfully reloaded assembly
- Completed reload, in  0.914 seconds
Platform modules already initialized, skipping
Refreshing native plugins compatible for Editor in 0.34 ms, found 1 plugins.
Preloading 0 native plugins for Editor in 0.00 ms.
Unloading 1829 Unused Serialized files (Serialized files now loaded: 0)
System memory in use before: 86.7 MB.
System memory in use after: 86.9 MB.

Unloading 8 unused Assets to reduce memory usage. Loaded Objects now: 2321.
Total: 2.151300 ms (FindLiveObjects: 0.167500 ms CreateObjectMapping: 0.076400 ms MarkObjects: 1.892900 ms  DeleteObjects: 0.013700 ms)

========================================================================
Received Import Request.
  Time since last request: 2051.409698 seconds.
  path: Assets/Scripts/CustomInput.cs
  artifactKey: Guid(9b52ee1ce9dee58468d804227b7a9535) Importer(815301076,1909f56bfc062723c751e8b465ee728b)
Start importing Assets/Scripts/CustomInput.cs using Guid(9b52ee1ce9dee58468d804227b7a9535) Importer(815301076,1909f56bfc062723c751e8b465ee728b)  -> (artifact id: '98f9ba5d488accc87de1cf45c45e04c2') in 0.004239 seconds 
========================================================================
Received Import Request.
  Time since last request: 0.000279 seconds.
  path: Assets/Prefabs/Tank.prefab
  artifactKey: Guid(89dfda88972e630479b8a874b9ff315c) Importer(815301076,1909f56bfc062723c751e8b465ee728b)
Start importing Assets/Prefabs/Tank.prefab using Guid(89dfda88972e630479b8a874b9ff315c) Importer(815301076,1909f56bfc062723c751e8b465ee728b)  -> (artifact id: '38df71cfaa873b46b78fb03b5eb27a1d') in 0.033899 seconds 
========================================================================
Received Import Request.
  Time since last request: 83.688923 seconds.
  path: Assets/Sprites/BodyOfTank.png
  artifactKey: Guid(f7afca5496e9f604a8583780ae0e213d) Importer(815301076,1909f56bfc062723c751e8b465ee728b)
Start importing Assets/Sprites/BodyOfTank.png using Guid(f7afca5496e9f604a8583780ae0e213d) Importer(815301076,1909f56bfc062723c751e8b465ee728b)  -> (artifact id: 'c96521cba5b37e29fff9475098bd4c7e') in 0.168388 seconds 
========================================================================
Received Import Request.
  Time since last request: 0.000195 seconds.
  path: Assets/Sprites/DefaultTurret.png
  artifactKey: Guid(6d0f7fcf6e14e6945a497e419ba9ced7) Importer(815301076,1909f56bfc062723c751e8b465ee728b)
Start importing Assets/Sprites/DefaultTurret.png using Guid(6d0f7fcf6e14e6945a497e419ba9ced7) Importer(815301076,1909f56bfc062723c751e8b465ee728b)  -> (artifact id: '0ea348b0cd9e93d2a0cc313762bf7165') in 0.034658 seconds 
========================================================================
Received Import Request.
  Time since last request: 44.014408 seconds.
  path: Assets/Prefabs/DefaultTurret.prefab
  artifactKey: Guid(c96fa46a620e8024682c8e60a6e74ff6) Importer(815301076,1909f56bfc062723c751e8b465ee728b)
Start importing Assets/Prefabs/DefaultTurret.prefab using Guid(c96fa46a620e8024682c8e60a6e74ff6) Importer(815301076,1909f56bfc062723c751e8b465ee728b)  -> (artifact id: '7dfcdaf1177be15d270b0389513a38fd') in 0.037337 seconds 
========================================================================
Received Import Request.
  Time since last request: 0.000176 seconds.
  path: Assets/Prefabs/Tank.prefab
  artifactKey: Guid(89dfda88972e630479b8a874b9ff315c) Importer(815301076,1909f56bfc062723c751e8b465ee728b)
Start importing Assets/Prefabs/Tank.prefab using Guid(89dfda88972e630479b8a874b9ff315c) Importer(815301076,1909f56bfc062723c751e8b465ee728b)  -> (artifact id: 'd8720caf31dfd5b0b70d29f119a0f059') in 0.049622 seconds 
========================================================================
Received Import Request.
  Time since last request: 16.126897 seconds.
  path: Assets/Prefabs/DefaultTurret.prefab
  artifactKey: Guid(c96fa46a620e8024682c8e60a6e74ff6) Importer(815301076,1909f56bfc062723c751e8b465ee728b)
Start importing Assets/Prefabs/DefaultTurret.prefab using Guid(c96fa46a620e8024682c8e60a6e74ff6) Importer(815301076,1909f56bfc062723c751e8b465ee728b)  -> (artifact id: 'dbe13f72d4e09342586bb5c8589a39b2') in 0.020180 seconds 
========================================================================
Received Import Request.
  Time since last request: 0.000173 seconds.
  path: Assets/Prefabs/Tank.prefab
  artifactKey: Guid(89dfda88972e630479b8a874b9ff315c) Importer(815301076,1909f56bfc062723c751e8b465ee728b)
Start importing Assets/Prefabs/Tank.prefab using Guid(89dfda88972e630479b8a874b9ff315c) Importer(815301076,1909f56bfc062723c751e8b465ee728b)  -> (artifact id: 'e095e229376c5dd2d126e7be6d9d74e1') in 0.022996 seconds 
========================================================================
Received Prepare
Registering precompiled user dll's ...
Registered in 0.001103 seconds.
Begin MonoManager ReloadAssembly
Native extension for Lumin target not found
Native extension for LinuxStandalone target not found
Native extension for WindowsStandalone target not found
Native extension for OSXStandalone target not found
Native extension for WebGL target not found
Refreshing native plugins compatible for Editor in 0.33 ms, found 1 plugins.
Preloading 0 native plugins for Editor in 0.00 ms.
Mono: successfully reloaded assembly
- Completed reload, in  0.924 seconds
Platform modules already initialized, skipping
Refreshing native plugins compatible for Editor in 0.36 ms, found 1 plugins.
Preloading 0 native plugins for Editor in 0.00 ms.
Unloading 1831 Unused Serialized files (Serialized files now loaded: 0)
System memory in use before: 97.5 MB.
System memory in use after: 97.7 MB.

Unloading 8 unused Assets to reduce memory usage. Loaded Objects now: 2364.
Total: 4.859900 ms (FindLiveObjects: 0.368300 ms CreateObjectMapping: 0.199700 ms MarkObjects: 4.264100 ms  DeleteObjects: 0.025700 ms)

========================================================================
Received Prepare
Registering precompiled user dll's ...
Registered in 0.000780 seconds.
Begin MonoManager ReloadAssembly
Native extension for Lumin target not found
Native extension for LinuxStandalone target not found
Native extension for WindowsStandalone target not found
Native extension for OSXStandalone target not found
Native extension for WebGL target not found
Refreshing native plugins compatible for Editor in 0.33 ms, found 1 plugins.
Preloading 0 native plugins for Editor in 0.00 ms.
Mono: successfully reloaded assembly
- Completed reload, in  0.968 seconds
Platform modules already initialized, skipping
Refreshing native plugins compatible for Editor in 0.34 ms, found 1 plugins.
Preloading 0 native plugins for Editor in 0.00 ms.
Unloading 1829 Unused Serialized files (Serialized files now loaded: 0)
System memory in use before: 97.5 MB.
System memory in use after: 97.6 MB.

Unloading 8 unused Assets to reduce memory usage. Loaded Objects now: 2367.
Total: 2.418600 ms (FindLiveObjects: 0.352800 ms CreateObjectMapping: 0.171200 ms MarkObjects: 1.878600 ms  DeleteObjects: 0.015100 ms)

========================================================================
Received Import Request.
  Time since last request: 297.152887 seconds.
  path: Assets/Prefabs/Tank.prefab
  artifactKey: Guid(89dfda88972e630479b8a874b9ff315c) Importer(815301076,1909f56bfc062723c751e8b465ee728b)
Start importing Assets/Prefabs/Tank.prefab using Guid(89dfda88972e630479b8a874b9ff315c) Importer(815301076,1909f56bfc062723c751e8b465ee728b)  -> (artifact id: '67355b3fc7cd6e832012fe63687a48ee') in 0.063200 seconds 
========================================================================
Received Prepare
Registering precompiled user dll's ...
Registered in 0.000802 seconds.
Begin MonoManager ReloadAssembly
Native extension for Lumin target not found
Native extension for LinuxStandalone target not found
Native extension for WindowsStandalone target not found
Native extension for OSXStandalone target not found
Native extension for WebGL target not found
Refreshing native plugins compatible for Editor in 0.34 ms, found 1 plugins.
Preloading 0 native plugins for Editor in 0.00 ms.
Mono: successfully reloaded assembly
- Completed reload, in  0.905 seconds
Platform modules already initialized, skipping
Refreshing native plugins compatible for Editor in 0.34 ms, found 1 plugins.
Preloading 0 native plugins for Editor in 0.00 ms.
Unloading 1829 Unused Serialized files (Serialized files now loaded: 0)
System memory in use before: 97.5 MB.
System memory in use after: 97.6 MB.

Unloading 8 unused Assets to reduce memory usage. Loaded Objects now: 2371.
Total: 2.199900 ms (FindLiveObjects: 0.161800 ms CreateObjectMapping: 0.070500 ms MarkObjects: 1.952800 ms  DeleteObjects: 0.014100 ms)

========================================================================
Received Import Request.
  Time since last request: 250.899563 seconds.
  path: Assets/Scripts/GameManager.cs
  artifactKey: Guid(fbc12b0a3d66b39498cac7c537d0170f) Importer(815301076,1909f56bfc062723c751e8b465ee728b)
Start importing Assets/Scripts/GameManager.cs using Guid(fbc12b0a3d66b39498cac7c537d0170f) Importer(815301076,1909f56bfc062723c751e8b465ee728b)  -> (artifact id: 'b5b4ca747d84aec226f2544c62c760a4') in 0.010336 seconds 
========================================================================
Received Import Request.
  Time since last request: 3.016605 seconds.
  path: Assets/Prefabs/Tank.prefab
  artifactKey: Guid(89dfda88972e630479b8a874b9ff315c) Importer(815301076,1909f56bfc062723c751e8b465ee728b)
Start importing Assets/Prefabs/Tank.prefab using Guid(89dfda88972e630479b8a874b9ff315c) Importer(815301076,1909f56bfc062723c751e8b465ee728b)  -> (artifact id: '6f2fec97f71eb0eba6da9954f4ae017f') in 0.054924 seconds 
========================================================================
Received Prepare
Registering precompiled user dll's ...
Registered in 0.000764 seconds.
Begin MonoManager ReloadAssembly
Native extension for Lumin target not found
Native extension for LinuxStandalone target not found
Native extension for WindowsStandalone target not found
Native extension for OSXStandalone target not found
Native extension for WebGL target not found
Refreshing native plugins compatible for Editor in 0.34 ms, found 1 plugins.
Preloading 0 native plugins for Editor in 0.00 ms.
Mono: successfully reloaded assembly
- Completed reload, in  0.946 seconds
Platform modules already initialized, skipping
Refreshing native plugins compatible for Editor in 0.34 ms, found 1 plugins.
Preloading 0 native plugins for Editor in 0.00 ms.
Unloading 1829 Unused Serialized files (Serialized files now loaded: 0)
System memory in use before: 97.5 MB.
System memory in use after: 97.6 MB.

Unloading 8 unused Assets to reduce memory usage. Loaded Objects now: 2375.
Total: 2.098600 ms (FindLiveObjects: 0.162000 ms CreateObjectMapping: 0.069300 ms MarkObjects: 1.853000 ms  DeleteObjects: 0.013500 ms)

========================================================================
Received Prepare
Registering precompiled user dll's ...
Registered in 0.000806 seconds.
Begin MonoManager ReloadAssembly
Native extension for Lumin target not found
Native extension for LinuxStandalone target not found
Native extension for WindowsStandalone target not found
Native extension for OSXStandalone target not found
Native extension for WebGL target not found
Refreshing native plugins compatible for Editor in 0.35 ms, found 1 plugins.
Preloading 0 native plugins for Editor in 0.00 ms.
Mono: successfully reloaded assembly
- Completed reload, in  1.132 seconds
Platform modules already initialized, skipping
Refreshing native plugins compatible for Editor in 0.44 ms, found 1 plugins.
Preloading 0 native plugins for Editor in 0.00 ms.
Unloading 1829 Unused Serialized files (Serialized files now loaded: 0)
System memory in use before: 97.5 MB.
System memory in use after: 97.6 MB.

Unloading 8 unused Assets to reduce memory usage. Loaded Objects now: 2378.
Total: 2.070400 ms (FindLiveObjects: 0.178000 ms CreateObjectMapping: 0.082700 ms MarkObjects: 1.795500 ms  DeleteObjects: 0.013300 ms)

========================================================================
Received Prepare
Registering precompiled user dll's ...
Registered in 0.001423 seconds.
Begin MonoManager ReloadAssembly
Native extension for Lumin target not found
Native extension for LinuxStandalone target not found
Native extension for WindowsStandalone target not found
Native extension for OSXStandalone target not found
Native extension for WebGL target not found
Refreshing native plugins compatible for Editor in 0.36 ms, found 1 plugins.
Preloading 0 native plugins for Editor in 0.00 ms.
Mono: successfully reloaded assembly
- Completed reload, in  1.061 seconds
Platform modules already initialized, skipping
Refreshing native plugins compatible for Editor in 0.34 ms, found 1 plugins.
Preloading 0 native plugins for Editor in 0.00 ms.
Unloading 1829 Unused Serialized files (Serialized files now loaded: 0)
System memory in use before: 97.5 MB.
System memory in use after: 97.6 MB.

Unloading 8 unused Assets to reduce memory usage. Loaded Objects now: 2381.
Total: 2.671400 ms (FindLiveObjects: 0.200200 ms CreateObjectMapping: 0.122700 ms MarkObjects: 2.331600 ms  DeleteObjects: 0.015700 ms)

========================================================================
Received Prepare
Registering precompiled user dll's ...
Registered in 0.000831 seconds.
Begin MonoManager ReloadAssembly
Native extension for Lumin target not found
Native extension for LinuxStandalone target not found
Native extension for WindowsStandalone target not found
Native extension for OSXStandalone target not found
Native extension for WebGL target not found
Refreshing native plugins compatible for Editor in 0.34 ms, found 1 plugins.
Preloading 0 native plugins for Editor in 0.00 ms.
Mono: successfully reloaded assembly
- Completed reload, in  0.916 seconds
Platform modules already initialized, skipping
Refreshing native plugins compatible for Editor in 0.36 ms, found 1 plugins.
Preloading 0 native plugins for Editor in 0.00 ms.
Unloading 1829 Unused Serialized files (Serialized files now loaded: 0)
System memory in use before: 97.5 MB.
System memory in use after: 97.6 MB.

Unloading 8 unused Assets to reduce memory usage. Loaded Objects now: 2384.
Total: 2.243400 ms (FindLiveObjects: 0.203700 ms CreateObjectMapping: 0.080400 ms MarkObjects: 1.944200 ms  DeleteObjects: 0.013900 ms)

========================================================================
Received Prepare
Registering precompiled user dll's ...
Registered in 0.000732 seconds.
Begin MonoManager ReloadAssembly
Native extension for Lumin target not found
Native extension for LinuxStandalone target not found
Native extension for WindowsStandalone target not found
Native extension for OSXStandalone target not found
Native extension for WebGL target not found
Refreshing native plugins compatible for Editor in 0.33 ms, found 1 plugins.
Preloading 0 native plugins for Editor in 0.00 ms.
Mono: successfully reloaded assembly
- Completed reload, in  0.879 seconds
Platform modules already initialized, skipping
Refreshing native plugins compatible for Editor in 0.35 ms, found 1 plugins.
Preloading 0 native plugins for Editor in 0.00 ms.
Unloading 1829 Unused Serialized files (Serialized files now loaded: 0)
System memory in use before: 97.5 MB.
System memory in use after: 97.6 MB.

Unloading 8 unused Assets to reduce memory usage. Loaded Objects now: 2387.
Total: 2.271600 ms (FindLiveObjects: 0.171400 ms CreateObjectMapping: 0.087800 ms MarkObjects: 1.997000 ms  DeleteObjects: 0.014600 ms)

========================================================================
Received Prepare
Registering precompiled user dll's ...
Registered in 0.000799 seconds.
Begin MonoManager ReloadAssembly
Native extension for Lumin target not found
Native extension for LinuxStandalone target not found
Native extension for WindowsStandalone target not found
Native extension for OSXStandalone target not found
Native extension for WebGL target not found
Refreshing native plugins compatible for Editor in 0.36 ms, found 1 plugins.
Preloading 0 native plugins for Editor in 0.00 ms.
Mono: successfully reloaded assembly
- Completed reload, in  0.964 seconds
Platform modules already initialized, skipping
Refreshing native plugins compatible for Editor in 0.34 ms, found 1 plugins.
Preloading 0 native plugins for Editor in 0.00 ms.
Unloading 1829 Unused Serialized files (Serialized files now loaded: 0)
System memory in use before: 97.5 MB.
System memory in use after: 97.7 MB.

Unloading 8 unused Assets to reduce memory usage. Loaded Objects now: 2390.
Total: 2.225000 ms (FindLiveObjects: 0.176500 ms CreateObjectMapping: 0.084400 ms MarkObjects: 1.949300 ms  DeleteObjects: 0.014000 ms)

========================================================================
Received Import Request.
  Time since last request: 241.273191 seconds.
  path: Assets/Prefabs/Tank.prefab
  artifactKey: Guid(89dfda88972e630479b8a874b9ff315c) Importer(815301076,1909f56bfc062723c751e8b465ee728b)
Start importing Assets/Prefabs/Tank.prefab using Guid(89dfda88972e630479b8a874b9ff315c) Importer(815301076,1909f56bfc062723c751e8b465ee728b)  -> (artifact id: 'b1b8ea6caae390e8219822298e904d11') in 0.053777 seconds 
========================================================================
Received Import Request.
  Time since last request: 8.692032 seconds.
  path: Assets/Prefabs/Tank.prefab
  artifactKey: Guid(89dfda88972e630479b8a874b9ff315c) Importer(815301076,1909f56bfc062723c751e8b465ee728b)
Start importing Assets/Prefabs/Tank.prefab using Guid(89dfda88972e630479b8a874b9ff315c) Importer(815301076,1909f56bfc062723c751e8b465ee728b)  -> (artifact id: '07c12846b612a4a214dc1acab4040c52') in 0.028219 seconds 
========================================================================
Received Prepare
Registering precompiled user dll's ...
Registered in 0.000804 seconds.
Begin MonoManager ReloadAssembly
Native extension for Lumin target not found
Native extension for LinuxStandalone target not found
Native extension for WindowsStandalone target not found
Native extension for OSXStandalone target not found
Native extension for WebGL target not found
Refreshing native plugins compatible for Editor in 0.85 ms, found 1 plugins.
Preloading 0 native plugins for Editor in 0.00 ms.
Mono: successfully reloaded assembly
- Completed reload, in  1.010 seconds
Platform modules already initialized, skipping
Refreshing native plugins compatible for Editor in 0.34 ms, found 1 plugins.
Preloading 0 native plugins for Editor in 0.00 ms.
Unloading 1829 Unused Serialized files (Serialized files now loaded: 0)
System memory in use before: 97.5 MB.
System memory in use after: 97.7 MB.

Unloading 8 unused Assets to reduce memory usage. Loaded Objects now: 2394.
Total: 3.525800 ms (FindLiveObjects: 0.170600 ms CreateObjectMapping: 0.104000 ms MarkObjects: 3.234000 ms  DeleteObjects: 0.015900 ms)

========================================================================
Received Import Request.
  Time since last request: 4.521181 seconds.
  path: Assets/Prefabs/Tank.prefab
  artifactKey: Guid(89dfda88972e630479b8a874b9ff315c) Importer(815301076,1909f56bfc062723c751e8b465ee728b)
Start importing Assets/Prefabs/Tank.prefab using Guid(89dfda88972e630479b8a874b9ff315c) Importer(815301076,1909f56bfc062723c751e8b465ee728b)  -> (artifact id: 'c7e147e7ff6df998cf590f713b0c6e81') in 0.066831 seconds 
========================================================================
Received Import Request.
  Time since last request: 9.711105 seconds.
  path: Assets/Prefabs/Tank.prefab
  artifactKey: Guid(89dfda88972e630479b8a874b9ff315c) Importer(815301076,1909f56bfc062723c751e8b465ee728b)
Start importing Assets/Prefabs/Tank.prefab using Guid(89dfda88972e630479b8a874b9ff315c) Importer(815301076,1909f56bfc062723c751e8b465ee728b)  -> (artifact id: 'c97a3d6064cab0b8d16cbe3329bea810') in 0.023854 seconds 
========================================================================
Received Import Request.
  Time since last request: 3.943065 seconds.
  path: Assets/Prefabs/Tank.prefab
  artifactKey: Guid(89dfda88972e630479b8a874b9ff315c) Importer(815301076,1909f56bfc062723c751e8b465ee728b)
Start importing Assets/Prefabs/Tank.prefab using Guid(89dfda88972e630479b8a874b9ff315c) Importer(815301076,1909f56bfc062723c751e8b465ee728b)  -> (artifact id: '4dacb5e7f25eef95d0ff22ccc14fdf76') in 0.024109 seconds 
========================================================================
Received Import Request.
  Time since last request: 6.192641 seconds.
  path: Assets/Prefabs/Tank.prefab
  artifactKey: Guid(89dfda88972e630479b8a874b9ff315c) Importer(815301076,1909f56bfc062723c751e8b465ee728b)
Start importing Assets/Prefabs/Tank.prefab using Guid(89dfda88972e630479b8a874b9ff315c) Importer(815301076,1909f56bfc062723c751e8b465ee728b)  -> (artifact id: 'cf29be3568d6fd18b69f1212426cf8c6') in 0.024612 seconds 
========================================================================
Received Prepare
Registering precompiled user dll's ...
Registered in 0.000779 seconds.
Begin MonoManager ReloadAssembly
Native extension for Lumin target not found
Native extension for LinuxStandalone target not found
Native extension for WindowsStandalone target not found
Native extension for OSXStandalone target not found
Native extension for WebGL target not found
Refreshing native plugins compatible for Editor in 0.37 ms, found 1 plugins.
Preloading 0 native plugins for Editor in 0.00 ms.
Mono: successfully reloaded assembly
- Completed reload, in  1.228 seconds
Platform modules already initialized, skipping
Refreshing native plugins compatible for Editor in 0.35 ms, found 1 plugins.
Preloading 0 native plugins for Editor in 0.00 ms.
Unloading 1829 Unused Serialized files (Serialized files now loaded: 0)
System memory in use before: 97.6 MB.
System memory in use after: 97.7 MB.

Unloading 8 unused Assets to reduce memory usage. Loaded Objects now: 2398.
Total: 2.902100 ms (FindLiveObjects: 0.173400 ms CreateObjectMapping: 0.398600 ms MarkObjects: 2.313600 ms  DeleteObjects: 0.015500 ms)

========================================================================
Received Import Request.
  Time since last request: 137.688323 seconds.
  path: Assets/Prefabs/Tank.prefab
  artifactKey: Guid(89dfda88972e630479b8a874b9ff315c) Importer(815301076,1909f56bfc062723c751e8b465ee728b)
Start importing Assets/Prefabs/Tank.prefab using Guid(89dfda88972e630479b8a874b9ff315c) Importer(815301076,1909f56bfc062723c751e8b465ee728b)  -> (artifact id: 'd05e856c703e0c9f1deb2f3ef81e25ad') in 0.051432 seconds 
========================================================================
Received Import Request.
  Time since last request: 3.961584 seconds.
  path: Assets/Prefabs/Tank.prefab
  artifactKey: Guid(89dfda88972e630479b8a874b9ff315c) Importer(815301076,1909f56bfc062723c751e8b465ee728b)
Start importing Assets/Prefabs/Tank.prefab using Guid(89dfda88972e630479b8a874b9ff315c) Importer(815301076,1909f56bfc062723c751e8b465ee728b)  -> (artifact id: '88d3f711a095fcd0ee91f22cf8b518ea') in 0.085751 seconds 
========================================================================
Received Prepare
Registering precompiled user dll's ...
Registered in 0.000886 seconds.
Begin MonoManager ReloadAssembly
Native extension for Lumin target not found
Native extension for LinuxStandalone target not found
Native extension for WindowsStandalone target not found
Native extension for OSXStandalone target not found
Native extension for WebGL target not found
Refreshing native plugins compatible for Editor in 0.35 ms, found 1 plugins.
Preloading 0 native plugins for Editor in 0.00 ms.
Mono: successfully reloaded assembly
- Completed reload, in  0.984 seconds
Platform modules already initialized, skipping
Refreshing native plugins compatible for Editor in 0.34 ms, found 1 plugins.
Preloading 0 native plugins for Editor in 0.00 ms.
Unloading 1829 Unused Serialized files (Serialized files now loaded: 0)
System memory in use before: 97.6 MB.
System memory in use after: 97.7 MB.

Unloading 8 unused Assets to reduce memory usage. Loaded Objects now: 2402.
Total: 7.202300 ms (FindLiveObjects: 0.464600 ms CreateObjectMapping: 0.292200 ms MarkObjects: 6.405100 ms  DeleteObjects: 0.037200 ms)

========================================================================
Received Import Request.
  Time since last request: 37.060631 seconds.
  path: Assets/Prefabs/Tank.prefab
  artifactKey: Guid(89dfda88972e630479b8a874b9ff315c) Importer(815301076,1909f56bfc062723c751e8b465ee728b)
Start importing Assets/Prefabs/Tank.prefab using Guid(89dfda88972e630479b8a874b9ff315c) Importer(815301076,1909f56bfc062723c751e8b465ee728b)  -> (artifact id: 'a407420a156c7fd9b2b3df69e275f3ef') in 0.054137 seconds 
========================================================================
Received Prepare
Registering precompiled user dll's ...
Registered in 0.000777 seconds.
Begin MonoManager ReloadAssembly
Native extension for Lumin target not found
Native extension for LinuxStandalone target not found
Native extension for WindowsStandalone target not found
Native extension for OSXStandalone target not found
Native extension for WebGL target not found
Refreshing native plugins compatible for Editor in 0.40 ms, found 1 plugins.
Preloading 0 native plugins for Editor in 0.00 ms.
Mono: successfully reloaded assembly
- Completed reload, in  0.937 seconds
Platform modules already initialized, skipping
Refreshing native plugins compatible for Editor in 0.34 ms, found 1 plugins.
Preloading 0 native plugins for Editor in 0.00 ms.
Unloading 1829 Unused Serialized files (Serialized files now loaded: 0)
System memory in use before: 97.6 MB.
System memory in use after: 97.7 MB.

Unloading 8 unused Assets to reduce memory usage. Loaded Objects now: 2406.
Total: 4.383800 ms (FindLiveObjects: 0.461100 ms CreateObjectMapping: 0.232000 ms MarkObjects: 3.662900 ms  DeleteObjects: 0.025800 ms)

========================================================================
Received Import Request.
  Time since last request: 8.321747 seconds.
  path: Assets/Prefabs/Tank.prefab
  artifactKey: Guid(89dfda88972e630479b8a874b9ff315c) Importer(815301076,1909f56bfc062723c751e8b465ee728b)
Start importing Assets/Prefabs/Tank.prefab using Guid(89dfda88972e630479b8a874b9ff315c) Importer(815301076,1909f56bfc062723c751e8b465ee728b)  -> (artifact id: 'bfdbf34c00d11db3a0e236bbe85489f8') in 0.059671 seconds 
========================================================================
Received Prepare
Registering precompiled user dll's ...
Registered in 0.000879 seconds.
Begin MonoManager ReloadAssembly
Native extension for Lumin target not found
Native extension for LinuxStandalone target not found
Native extension for WindowsStandalone target not found
Native extension for OSXStandalone target not found
Native extension for WebGL target not found
Refreshing native plugins compatible for Editor in 0.35 ms, found 1 plugins.
Preloading 0 native plugins for Editor in 0.00 ms.
Mono: successfully reloaded assembly
- Completed reload, in  0.907 seconds
Platform modules already initialized, skipping
Refreshing native plugins compatible for Editor in 0.35 ms, found 1 plugins.
Preloading 0 native plugins for Editor in 0.00 ms.
Unloading 1829 Unused Serialized files (Serialized files now loaded: 0)
System memory in use before: 97.6 MB.
System memory in use after: 97.7 MB.

Unloading 8 unused Assets to reduce memory usage. Loaded Objects now: 2410.
Total: 2.693600 ms (FindLiveObjects: 0.586800 ms CreateObjectMapping: 0.068300 ms MarkObjects: 2.021500 ms  DeleteObjects: 0.016300 ms)

========================================================================
Received Prepare
Registering precompiled user dll's ...
Registered in 0.000764 seconds.
Begin MonoManager ReloadAssembly
Native extension for Lumin target not found
Native extension for LinuxStandalone target not found
Native extension for WindowsStandalone target not found
Native extension for OSXStandalone target not found
Native extension for WebGL target not found
Refreshing native plugins compatible for Editor in 0.37 ms, found 1 plugins.
Preloading 0 native plugins for Editor in 0.00 ms.
Mono: successfully reloaded assembly
- Completed reload, in  0.979 seconds
Platform modules already initialized, skipping
Refreshing native plugins compatible for Editor in 0.36 ms, found 1 plugins.
Preloading 0 native plugins for Editor in 0.00 ms.
Unloading 1829 Unused Serialized files (Serialized files now loaded: 0)
System memory in use before: 97.6 MB.
System memory in use after: 97.7 MB.

Unloading 8 unused Assets to reduce memory usage. Loaded Objects now: 2413.
Total: 3.502600 ms (FindLiveObjects: 0.302500 ms CreateObjectMapping: 0.128100 ms MarkObjects: 3.048400 ms  DeleteObjects: 0.022300 ms)

========================================================================
Received Prepare
Registering precompiled user dll's ...
Registered in 0.000781 seconds.
Begin MonoManager ReloadAssembly
Native extension for Lumin target not found
Native extension for LinuxStandalone target not found
Native extension for WindowsStandalone target not found
Native extension for OSXStandalone target not found
Native extension for WebGL target not found
Refreshing native plugins compatible for Editor in 0.40 ms, found 1 plugins.
Preloading 0 native plugins for Editor in 0.00 ms.
Mono: successfully reloaded assembly
- Completed reload, in  1.042 seconds
Platform modules already initialized, skipping
Refreshing native plugins compatible for Editor in 0.36 ms, found 1 plugins.
Preloading 0 native plugins for Editor in 0.00 ms.
Unloading 1829 Unused Serialized files (Serialized files now loaded: 0)
System memory in use before: 97.6 MB.
System memory in use after: 97.7 MB.

Unloading 8 unused Assets to reduce memory usage. Loaded Objects now: 2416.
Total: 2.923900 ms (FindLiveObjects: 0.236600 ms CreateObjectMapping: 0.110400 ms MarkObjects: 2.559600 ms  DeleteObjects: 0.016200 ms)

========================================================================
Received Prepare
Registering precompiled user dll's ...
Registered in 0.000845 seconds.
Begin MonoManager ReloadAssembly
Native extension for Lumin target not found
Native extension for LinuxStandalone target not found
Native extension for WindowsStandalone target not found
Native extension for OSXStandalone target not found
Native extension for WebGL target not found
Refreshing native plugins compatible for Editor in 0.37 ms, found 1 plugins.
Preloading 0 native plugins for Editor in 0.00 ms.
Mono: successfully reloaded assembly
- Completed reload, in  0.957 seconds
Platform modules already initialized, skipping
Refreshing native plugins compatible for Editor in 0.34 ms, found 1 plugins.
Preloading 0 native plugins for Editor in 0.00 ms.
Unloading 1829 Unused Serialized files (Serialized files now loaded: 0)
System memory in use before: 97.6 MB.
System memory in use after: 97.8 MB.

Unloading 8 unused Assets to reduce memory usage. Loaded Objects now: 2419.
Total: 3.626100 ms (FindLiveObjects: 0.347400 ms CreateObjectMapping: 0.163200 ms MarkObjects: 3.090900 ms  DeleteObjects: 0.022500 ms)

========================================================================
Received Prepare
Registering precompiled user dll's ...
Registered in 0.000798 seconds.
Begin MonoManager ReloadAssembly
Native extension for Lumin target not found
Native extension for LinuxStandalone target not found
Native extension for WindowsStandalone target not found
Native extension for OSXStandalone target not found
Native extension for WebGL target not found
Refreshing native plugins compatible for Editor in 0.34 ms, found 1 plugins.
Preloading 0 native plugins for Editor in 0.00 ms.
Mono: successfully reloaded assembly
- Completed reload, in  0.964 seconds
Platform modules already initialized, skipping
Refreshing native plugins compatible for Editor in 0.36 ms, found 1 plugins.
Preloading 0 native plugins for Editor in 0.00 ms.
Unloading 1829 Unused Serialized files (Serialized files now loaded: 0)
System memory in use before: 97.7 MB.
System memory in use after: 97.8 MB.

Unloading 8 unused Assets to reduce memory usage. Loaded Objects now: 2422.
Total: 4.653500 ms (FindLiveObjects: 0.285500 ms CreateObjectMapping: 0.155700 ms MarkObjects: 4.179600 ms  DeleteObjects: 0.030300 ms)

========================================================================
Received Import Request.
  Time since last request: 359.762458 seconds.
  path: Assets/Prefabs/Tank.prefab
  artifactKey: Guid(89dfda88972e630479b8a874b9ff315c) Importer(815301076,1909f56bfc062723c751e8b465ee728b)
Start importing Assets/Prefabs/Tank.prefab using Guid(89dfda88972e630479b8a874b9ff315c) Importer(815301076,1909f56bfc062723c751e8b465ee728b)  -> (artifact id: 'bd74c8939e13df70ff2f50d29d19af64') in 0.055078 seconds 
========================================================================
Received Prepare
Registering precompiled user dll's ...
Registered in 0.000802 seconds.
Begin MonoManager ReloadAssembly
Native extension for Lumin target not found
Native extension for LinuxStandalone target not found
Native extension for WindowsStandalone target not found
Native extension for OSXStandalone target not found
Native extension for WebGL target not found
Refreshing native plugins compatible for Editor in 0.34 ms, found 1 plugins.
Preloading 0 native plugins for Editor in 0.00 ms.
Mono: successfully reloaded assembly
- Completed reload, in  0.947 seconds
Platform modules already initialized, skipping
Refreshing native plugins compatible for Editor in 0.34 ms, found 1 plugins.
Preloading 0 native plugins for Editor in 0.00 ms.
Unloading 1829 Unused Serialized files (Serialized files now loaded: 0)
System memory in use before: 97.7 MB.
System memory in use after: 97.8 MB.

Unloading 8 unused Assets to reduce memory usage. Loaded Objects now: 2426.
Total: 2.226200 ms (FindLiveObjects: 0.164100 ms CreateObjectMapping: 0.078700 ms MarkObjects: 1.968900 ms  DeleteObjects: 0.013800 ms)

AssetImportWorkerClient::OnTransportError - code=2 error=End of file
