Using pre-set license
Built from '2021.1/staging' branch; Version is '2021.1.2f1 (e5d502d80fbb) revision 15062274'; Using compiler version '192528614'; Build Type 'Release'
OS: 'Windows 10 Enterprise; OS build 19041.985; Version 2004; 64bit' Language: 'ru' Physical Memory: 16304 MB
BatchMode: 1, IsHumanControllingUs: 0, StartBugReporterOnCrash: 0, Is64bit: 1, IsPro: 0

 COMMAND LINE ARGUMENTS:
E:\Unity\2021.1.2f1\Editor\Unity.exe
-adb2
-batchMode
-noUpm
-name
AssetImportWorker0
-projectPath
E:/Project/MazeTanks
-logFile
Logs/AssetImportWorker0.log
-srvPort
52670
Successfully changed project path to: E:/Project/MazeTanks
E:/Project/MazeTanks
Using Asset Import Pipeline V2.
Refreshing native plugins compatible for Editor in 39.09 ms, found 1 plugins.
Preloading 0 native plugins for Editor in 0.00 ms.
Initialize engine version: 2021.1.2f1 (e5d502d80fbb)
[Subsystems] Discovering subsystems at path E:/Unity/2021.1.2f1/Editor/Data/Resources/UnitySubsystems
[Subsystems] Discovering subsystems at path E:/Project/MazeTanks/Assets
GfxDevice: creating device client; threaded=0; jobified=0
Direct3D:
    Version:  Direct3D 11.0 [level 11.1]
    Renderer: NVIDIA GeForce GTX 1050 Ti (ID=0x1c82)
    Vendor:   NVIDIA
    VRAM:     4018 MB
    Driver:   27.21.14.5671
Initialize mono
Mono path[0] = 'E:/Unity/2021.1.2f1/Editor/Data/Managed'
Mono path[1] = 'E:/Unity/2021.1.2f1/Editor/Data/MonoBleedingEdge/lib/mono/unityjit'
Mono config path = 'E:/Unity/2021.1.2f1/Editor/Data/MonoBleedingEdge/etc'
Using monoOptions --debugger-agent=transport=dt_socket,embedding=1,server=y,suspend=n,address=127.0.0.1:56308
Begin MonoManager ReloadAssembly
Registering precompiled unity dll's ...
Register platform support module: E:/Unity/2021.1.2f1/Editor/Data/PlaybackEngines/WebGLSupport/UnityEditor.WebGL.Extensions.dll
Register platform support module: E:/Unity/2021.1.2f1/Editor/Data/PlaybackEngines/MacStandaloneSupport/UnityEditor.OSXStandalone.Extensions.dll
Register platform support module: E:/Unity/2021.1.2f1/Editor/Data/PlaybackEngines/WindowsStandaloneSupport/UnityEditor.WindowsStandalone.Extensions.dll
Register platform support module: E:/Unity/2021.1.2f1/Editor/Data/PlaybackEngines/LinuxStandaloneSupport/UnityEditor.LinuxStandalone.Extensions.dll
Register platform support module: E:/Unity/2021.1.2f1/Editor/Data/PlaybackEngines/LuminSupport/UnityEditor.Lumin.Extensions.dll
Registered in 0.001917 seconds.
Native extension for Lumin target not found
Native extension for LinuxStandalone target not found
Native extension for WindowsStandalone target not found
Native extension for OSXStandalone target not found
Native extension for WebGL target not found
Refreshing native plugins compatible for Editor in 42.36 ms, found 1 plugins.
Preloading 0 native plugins for Editor in 0.00 ms.
Mono: successfully reloaded assembly
- Completed reload, in  1.695 seconds
Platform modules already initialized, skipping
Registering precompiled user dll's ...
Registered in 0.000800 seconds.
Begin MonoManager ReloadAssembly
Native extension for Lumin target not found
Native extension for LinuxStandalone target not found
Native extension for WindowsStandalone target not found
Native extension for OSXStandalone target not found
Native extension for WebGL target not found
Refreshing native plugins compatible for Editor in 41.98 ms, found 1 plugins.
Preloading 0 native plugins for Editor in 0.00 ms.
Mono: successfully reloaded assembly
- Completed reload, in  1.330 seconds
Platform modules already initialized, skipping
========================================================================
Worker process is ready to serve import requests
Launched and connected shader compiler UnityShaderCompiler.exe after 0.05 seconds
Refreshing native plugins compatible for Editor in 0.34 ms, found 1 plugins.
Preloading 0 native plugins for Editor in 0.00 ms.
Unloading 1859 Unused Serialized files (Serialized files now loaded: 0)
System memory in use before: 93.5 MB.
System memory in use after: 93.6 MB.

Unloading 19 unused Assets to reduce memory usage. Loaded Objects now: 2335.
Total: 4.521000 ms (FindLiveObjects: 0.281200 ms CreateObjectMapping: 0.455800 ms MarkObjects: 3.634100 ms  DeleteObjects: 0.147500 ms)

========================================================================
Received Import Request.
  path: Assets/Scripts/Guns/ShrapnelGun.cs
  artifactKey: Guid(ac06a5011f389b146b0205c3cb67688a) Importer(815301076,1909f56bfc062723c751e8b465ee728b)
Start importing Assets/Scripts/Guns/ShrapnelGun.cs using Guid(ac06a5011f389b146b0205c3cb67688a) Importer(815301076,1909f56bfc062723c751e8b465ee728b)  -> (artifact id: '7a4300100c460aa9b2cf16e8c6f532f6') in 0.205182 seconds 
========================================================================
Received Prepare
Registering precompiled user dll's ...
Registered in 0.000782 seconds.
Begin MonoManager ReloadAssembly
Native extension for Lumin target not found
Native extension for LinuxStandalone target not found
Native extension for WindowsStandalone target not found
Native extension for OSXStandalone target not found
Native extension for WebGL target not found
Refreshing native plugins compatible for Editor in 0.35 ms, found 1 plugins.
Preloading 0 native plugins for Editor in 0.00 ms.
Mono: successfully reloaded assembly
- Completed reload, in  0.957 seconds
Platform modules already initialized, skipping
Refreshing native plugins compatible for Editor in 0.41 ms, found 1 plugins.
Preloading 0 native plugins for Editor in 0.00 ms.
Unloading 1849 Unused Serialized files (Serialized files now loaded: 0)
System memory in use before: 92.9 MB.
System memory in use after: 93.1 MB.

Unloading 8 unused Assets to reduce memory usage. Loaded Objects now: 2338.
Total: 4.765900 ms (FindLiveObjects: 0.297400 ms CreateObjectMapping: 0.230300 ms MarkObjects: 4.213200 ms  DeleteObjects: 0.022500 ms)

========================================================================
Received Prepare
Registering precompiled user dll's ...
Registered in 0.001066 seconds.
Begin MonoManager ReloadAssembly
Native extension for Lumin target not found
Native extension for LinuxStandalone target not found
Native extension for WindowsStandalone target not found
Native extension for OSXStandalone target not found
Native extension for WebGL target not found
Refreshing native plugins compatible for Editor in 0.36 ms, found 1 plugins.
Preloading 0 native plugins for Editor in 0.00 ms.
Mono: successfully reloaded assembly
- Completed reload, in  2.090 seconds
Platform modules already initialized, skipping
Refreshing native plugins compatible for Editor in 2.77 ms, found 1 plugins.
Preloading 0 native plugins for Editor in 0.00 ms.
Unloading 1849 Unused Serialized files (Serialized files now loaded: 0)
System memory in use before: 93.0 MB.
System memory in use after: 93.1 MB.

Unloading 8 unused Assets to reduce memory usage. Loaded Objects now: 2341.
Total: 2.404600 ms (FindLiveObjects: 0.178600 ms CreateObjectMapping: 0.084000 ms MarkObjects: 2.124300 ms  DeleteObjects: 0.016500 ms)

========================================================================
Received Prepare
Registering precompiled user dll's ...
Registered in 0.000762 seconds.
Begin MonoManager ReloadAssembly
Native extension for Lumin target not found
Native extension for LinuxStandalone target not found
Native extension for WindowsStandalone target not found
Native extension for OSXStandalone target not found
Native extension for WebGL target not found
Refreshing native plugins compatible for Editor in 0.43 ms, found 1 plugins.
Preloading 0 native plugins for Editor in 0.00 ms.
Mono: successfully reloaded assembly
- Completed reload, in  0.915 seconds
Platform modules already initialized, skipping
Refreshing native plugins compatible for Editor in 0.35 ms, found 1 plugins.
Preloading 0 native plugins for Editor in 0.00 ms.
Unloading 1849 Unused Serialized files (Serialized files now loaded: 0)
System memory in use before: 93.0 MB.
System memory in use after: 93.1 MB.

Unloading 8 unused Assets to reduce memory usage. Loaded Objects now: 2344.
Total: 10.968700 ms (FindLiveObjects: 0.626000 ms CreateObjectMapping: 0.815400 ms MarkObjects: 9.506800 ms  DeleteObjects: 0.018300 ms)

========================================================================
Received Prepare
Registering precompiled user dll's ...
Registered in 0.000780 seconds.
Begin MonoManager ReloadAssembly
Native extension for Lumin target not found
Native extension for LinuxStandalone target not found
Native extension for WindowsStandalone target not found
Native extension for OSXStandalone target not found
Native extension for WebGL target not found
Refreshing native plugins compatible for Editor in 0.34 ms, found 1 plugins.
Preloading 0 native plugins for Editor in 0.00 ms.
Mono: successfully reloaded assembly
- Completed reload, in  0.925 seconds
Platform modules already initialized, skipping
Refreshing native plugins compatible for Editor in 0.35 ms, found 1 plugins.
Preloading 0 native plugins for Editor in 0.00 ms.
Unloading 1849 Unused Serialized files (Serialized files now loaded: 0)
System memory in use before: 93.0 MB.
System memory in use after: 93.1 MB.

Unloading 8 unused Assets to reduce memory usage. Loaded Objects now: 2347.
Total: 8.279300 ms (FindLiveObjects: 0.454800 ms CreateObjectMapping: 0.609700 ms MarkObjects: 7.182300 ms  DeleteObjects: 0.029500 ms)

========================================================================
Received Import Request.
  Time since last request: 1219.492882 seconds.
  path: Assets/Scripts/Guns/ShrapnelGun.cs
  artifactKey: Guid(ac06a5011f389b146b0205c3cb67688a) Importer(815301076,1909f56bfc062723c751e8b465ee728b)
Start importing Assets/Scripts/Guns/ShrapnelGun.cs using Guid(ac06a5011f389b146b0205c3cb67688a) Importer(815301076,1909f56bfc062723c751e8b465ee728b)  -> (artifact id: 'db199eccfe251b52d45b3abb589159d7') in 0.005369 seconds 
========================================================================
Received Prepare
Registering precompiled user dll's ...
Registered in 0.000796 seconds.
Begin MonoManager ReloadAssembly
Native extension for Lumin target not found
Native extension for LinuxStandalone target not found
Native extension for WindowsStandalone target not found
Native extension for OSXStandalone target not found
Native extension for WebGL target not found
Refreshing native plugins compatible for Editor in 0.34 ms, found 1 plugins.
Preloading 0 native plugins for Editor in 0.00 ms.
Mono: successfully reloaded assembly
- Completed reload, in  0.944 seconds
Platform modules already initialized, skipping
Refreshing native plugins compatible for Editor in 0.35 ms, found 1 plugins.
Preloading 0 native plugins for Editor in 0.00 ms.
Unloading 1849 Unused Serialized files (Serialized files now loaded: 0)
System memory in use before: 93.0 MB.
System memory in use after: 93.1 MB.

Unloading 8 unused Assets to reduce memory usage. Loaded Objects now: 2350.
Total: 2.166900 ms (FindLiveObjects: 0.152900 ms CreateObjectMapping: 0.069300 ms MarkObjects: 1.929700 ms  DeleteObjects: 0.014200 ms)

========================================================================
Received Import Request.
  Time since last request: 138.094133 seconds.
  path: Assets/Prefabs/Bullets/SrapnelFractions/Fraction_1.prefab
  artifactKey: Guid(49f760ca015aa674a869a0d84a898cc2) Importer(815301076,1909f56bfc062723c751e8b465ee728b)
Start importing Assets/Prefabs/Bullets/SrapnelFractions/Fraction_1.prefab using Guid(49f760ca015aa674a869a0d84a898cc2) Importer(815301076,1909f56bfc062723c751e8b465ee728b)  -> (artifact id: '79ef7bff3c1fa777a429f1140750b8a8') in 0.093883 seconds 
========================================================================
Received Import Request.
  Time since last request: 7.412683 seconds.
  path: Assets/Prefabs/Bullets/SrapnelFractions/Fraction_1.prefab
  artifactKey: Guid(49f760ca015aa674a869a0d84a898cc2) Importer(815301076,1909f56bfc062723c751e8b465ee728b)
Start importing Assets/Prefabs/Bullets/SrapnelFractions/Fraction_1.prefab using Guid(49f760ca015aa674a869a0d84a898cc2) Importer(815301076,1909f56bfc062723c751e8b465ee728b)  -> (artifact id: 'ff67b4fac424d824e0ab5153c14bf6a6') in 0.027614 seconds 
========================================================================
Received Import Request.
  Time since last request: 8.531413 seconds.
  path: Assets/Prefabs/Bullets/SrapnelFractions/Fraction_1.prefab
  artifactKey: Guid(49f760ca015aa674a869a0d84a898cc2) Importer(815301076,1909f56bfc062723c751e8b465ee728b)
Start importing Assets/Prefabs/Bullets/SrapnelFractions/Fraction_1.prefab using Guid(49f760ca015aa674a869a0d84a898cc2) Importer(815301076,1909f56bfc062723c751e8b465ee728b)  -> (artifact id: '34fa6c21a2c5131e813492dab4c0694e') in 0.025037 seconds 
========================================================================
Received Import Request.
  Time since last request: 3.316389 seconds.
  path: Assets/Prefabs/Bullets/SrapnelFractions/Fraction_1.prefab
  artifactKey: Guid(49f760ca015aa674a869a0d84a898cc2) Importer(815301076,1909f56bfc062723c751e8b465ee728b)
Start importing Assets/Prefabs/Bullets/SrapnelFractions/Fraction_1.prefab using Guid(49f760ca015aa674a869a0d84a898cc2) Importer(815301076,1909f56bfc062723c751e8b465ee728b)  -> (artifact id: '2fc3674104dfa35e4911976def94fa32') in 0.021224 seconds 
========================================================================
Received Import Request.
  Time since last request: 3.491160 seconds.
  path: Assets/Prefabs/Bullets/SrapnelFractions/Fraction_1.prefab
  artifactKey: Guid(49f760ca015aa674a869a0d84a898cc2) Importer(815301076,1909f56bfc062723c751e8b465ee728b)
Start importing Assets/Prefabs/Bullets/SrapnelFractions/Fraction_1.prefab using Guid(49f760ca015aa674a869a0d84a898cc2) Importer(815301076,1909f56bfc062723c751e8b465ee728b)  -> (artifact id: 'aa96c6f7bacde670d863f1dab0610bd9') in 0.021707 seconds 
========================================================================
Received Import Request.
  Time since last request: 2.631369 seconds.
  path: Assets/Prefabs/Bullets/SrapnelFractions/Fraction_1.prefab
  artifactKey: Guid(49f760ca015aa674a869a0d84a898cc2) Importer(815301076,1909f56bfc062723c751e8b465ee728b)
Start importing Assets/Prefabs/Bullets/SrapnelFractions/Fraction_1.prefab using Guid(49f760ca015aa674a869a0d84a898cc2) Importer(815301076,1909f56bfc062723c751e8b465ee728b)  -> (artifact id: '2b3d65832e2864ace991699e01999ae5') in 0.040894 seconds 
========================================================================
Received Import Request.
  Time since last request: 1.782303 seconds.
  path: Assets/Prefabs/Bullets/SrapnelFractions/Fraction_1.prefab
  artifactKey: Guid(49f760ca015aa674a869a0d84a898cc2) Importer(815301076,1909f56bfc062723c751e8b465ee728b)
Start importing Assets/Prefabs/Bullets/SrapnelFractions/Fraction_1.prefab using Guid(49f760ca015aa674a869a0d84a898cc2) Importer(815301076,1909f56bfc062723c751e8b465ee728b)  -> (artifact id: 'edd60c0827e2d0973728b092a31c8b9c') in 0.016887 seconds 
========================================================================
Received Import Request.
  Time since last request: 2.432654 seconds.
  path: Assets/Prefabs/Bullets/SrapnelFractions/Fraction_1.prefab
  artifactKey: Guid(49f760ca015aa674a869a0d84a898cc2) Importer(815301076,1909f56bfc062723c751e8b465ee728b)
Start importing Assets/Prefabs/Bullets/SrapnelFractions/Fraction_1.prefab using Guid(49f760ca015aa674a869a0d84a898cc2) Importer(815301076,1909f56bfc062723c751e8b465ee728b)  -> (artifact id: 'aa8ae930ce2b50c11b6175f5f18efef7') in 0.022238 seconds 
========================================================================
Received Import Request.
  Time since last request: 1.182754 seconds.
  path: Assets/Prefabs/Bullets/SrapnelFractions/Fraction_1.prefab
  artifactKey: Guid(49f760ca015aa674a869a0d84a898cc2) Importer(815301076,1909f56bfc062723c751e8b465ee728b)
Start importing Assets/Prefabs/Bullets/SrapnelFractions/Fraction_1.prefab using Guid(49f760ca015aa674a869a0d84a898cc2) Importer(815301076,1909f56bfc062723c751e8b465ee728b)  -> (artifact id: 'd48074957c02d4fc5ba5da9dfc4b3496') in 0.010965 seconds 
========================================================================
Received Import Request.
  Time since last request: 1.020101 seconds.
  path: Assets/Prefabs/Bullets/SrapnelFractions/Fraction_1.prefab
  artifactKey: Guid(49f760ca015aa674a869a0d84a898cc2) Importer(815301076,1909f56bfc062723c751e8b465ee728b)
Start importing Assets/Prefabs/Bullets/SrapnelFractions/Fraction_1.prefab using Guid(49f760ca015aa674a869a0d84a898cc2) Importer(815301076,1909f56bfc062723c751e8b465ee728b)  -> (artifact id: '0aa7339d0256c1bb0476e8797c330e36') in 0.017279 seconds 
========================================================================
Received Import Request.
  Time since last request: 2.047176 seconds.
  path: Assets/Prefabs/Bullets/SrapnelFractions/Fraction_1.prefab
  artifactKey: Guid(49f760ca015aa674a869a0d84a898cc2) Importer(815301076,1909f56bfc062723c751e8b465ee728b)
Start importing Assets/Prefabs/Bullets/SrapnelFractions/Fraction_1.prefab using Guid(49f760ca015aa674a869a0d84a898cc2) Importer(815301076,1909f56bfc062723c751e8b465ee728b)  -> (artifact id: '159850dc39476d1cfe12f550ee658726') in 0.016384 seconds 
========================================================================
Received Import Request.
  Time since last request: 3.310614 seconds.
  path: Assets/Prefabs/Bullets/SrapnelFractions/Fraction_1.prefab
  artifactKey: Guid(49f760ca015aa674a869a0d84a898cc2) Importer(815301076,1909f56bfc062723c751e8b465ee728b)
Start importing Assets/Prefabs/Bullets/SrapnelFractions/Fraction_1.prefab using Guid(49f760ca015aa674a869a0d84a898cc2) Importer(815301076,1909f56bfc062723c751e8b465ee728b)  -> (artifact id: 'dcf69e64da3f806fcf8ff025b26ac3b3') in 0.020840 seconds 
========================================================================
Received Import Request.
  Time since last request: 2.516517 seconds.
  path: Assets/Prefabs/Bullets/SrapnelFractions/Fraction_1.prefab
  artifactKey: Guid(49f760ca015aa674a869a0d84a898cc2) Importer(815301076,1909f56bfc062723c751e8b465ee728b)
Start importing Assets/Prefabs/Bullets/SrapnelFractions/Fraction_1.prefab using Guid(49f760ca015aa674a869a0d84a898cc2) Importer(815301076,1909f56bfc062723c751e8b465ee728b)  -> (artifact id: '02b7f3073909393b8fc3882faf92e0b1') in 0.014394 seconds 
========================================================================
Received Import Request.
  Time since last request: 3.446402 seconds.
  path: Assets/Prefabs/Bullets/SrapnelFractions/Fraction_1.prefab
  artifactKey: Guid(49f760ca015aa674a869a0d84a898cc2) Importer(815301076,1909f56bfc062723c751e8b465ee728b)
Start importing Assets/Prefabs/Bullets/SrapnelFractions/Fraction_1.prefab using Guid(49f760ca015aa674a869a0d84a898cc2) Importer(815301076,1909f56bfc062723c751e8b465ee728b)  -> (artifact id: '3b29afb99db92cb65ce22041598495b8') in 0.018677 seconds 
========================================================================
Received Import Request.
  Time since last request: 8.150402 seconds.
  path: Assets/Prefabs/Bullets/SrapnelFractions/Fraction_2.prefab
  artifactKey: Guid(bedb421c3092c754bb3839ef71d03628) Importer(815301076,1909f56bfc062723c751e8b465ee728b)
Start importing Assets/Prefabs/Bullets/SrapnelFractions/Fraction_2.prefab using Guid(bedb421c3092c754bb3839ef71d03628) Importer(815301076,1909f56bfc062723c751e8b465ee728b)  -> (artifact id: '6cfe03a37d2c47065458dafc88c84e0c') in 0.068514 seconds 
========================================================================
Received Import Request.
  Time since last request: 2.176853 seconds.
  path: Assets/Prefabs/Bullets/SrapnelFractions/Fraction_2.prefab
  artifactKey: Guid(bedb421c3092c754bb3839ef71d03628) Importer(815301076,1909f56bfc062723c751e8b465ee728b)
Start importing Assets/Prefabs/Bullets/SrapnelFractions/Fraction_2.prefab using Guid(bedb421c3092c754bb3839ef71d03628) Importer(815301076,1909f56bfc062723c751e8b465ee728b)  -> (artifact id: '4f3ca5f5d22aa7170c1e1f7f4dd42696') in 0.008524 seconds 
========================================================================
Received Import Request.
  Time since last request: 4.744771 seconds.
  path: Assets/Prefabs/Bullets/SrapnelFractions/Fraction_2.prefab
  artifactKey: Guid(bedb421c3092c754bb3839ef71d03628) Importer(815301076,1909f56bfc062723c751e8b465ee728b)
Start importing Assets/Prefabs/Bullets/SrapnelFractions/Fraction_2.prefab using Guid(bedb421c3092c754bb3839ef71d03628) Importer(815301076,1909f56bfc062723c751e8b465ee728b)  -> (artifact id: 'b903aeb24aa073b306fb82f0d192377f') in 0.023488 seconds 
========================================================================
Received Import Request.
  Time since last request: 2.818230 seconds.
  path: Assets/Prefabs/Bullets/SrapnelFractions/Fraction_2.prefab
  artifactKey: Guid(bedb421c3092c754bb3839ef71d03628) Importer(815301076,1909f56bfc062723c751e8b465ee728b)
Start importing Assets/Prefabs/Bullets/SrapnelFractions/Fraction_2.prefab using Guid(bedb421c3092c754bb3839ef71d03628) Importer(815301076,1909f56bfc062723c751e8b465ee728b)  -> (artifact id: '749b25cbcce9050578b03b6b3e4eadef') in 0.018392 seconds 
========================================================================
Received Import Request.
  Time since last request: 1.610269 seconds.
  path: Assets/Prefabs/Bullets/SrapnelFractions/Fraction_2.prefab
  artifactKey: Guid(bedb421c3092c754bb3839ef71d03628) Importer(815301076,1909f56bfc062723c751e8b465ee728b)
Start importing Assets/Prefabs/Bullets/SrapnelFractions/Fraction_2.prefab using Guid(bedb421c3092c754bb3839ef71d03628) Importer(815301076,1909f56bfc062723c751e8b465ee728b)  -> (artifact id: '67a2804d6abac12cf6ae5c900511bdd8') in 0.011935 seconds 
========================================================================
Received Import Request.
  Time since last request: 1.449754 seconds.
  path: Assets/Prefabs/Bullets/SrapnelFractions/Fraction_2.prefab
  artifactKey: Guid(bedb421c3092c754bb3839ef71d03628) Importer(815301076,1909f56bfc062723c751e8b465ee728b)
Start importing Assets/Prefabs/Bullets/SrapnelFractions/Fraction_2.prefab using Guid(bedb421c3092c754bb3839ef71d03628) Importer(815301076,1909f56bfc062723c751e8b465ee728b)  -> (artifact id: '7518c5b13d4504df0d0507209e013088') in 0.010531 seconds 
========================================================================
Received Import Request.
  Time since last request: 1.843726 seconds.
  path: Assets/Prefabs/Bullets/SrapnelFractions/Fraction_2.prefab
  artifactKey: Guid(bedb421c3092c754bb3839ef71d03628) Importer(815301076,1909f56bfc062723c751e8b465ee728b)
Start importing Assets/Prefabs/Bullets/SrapnelFractions/Fraction_2.prefab using Guid(bedb421c3092c754bb3839ef71d03628) Importer(815301076,1909f56bfc062723c751e8b465ee728b)  -> (artifact id: '302b7310b229d1a333efddb6bf270300') in 0.020268 seconds 
========================================================================
Received Import Request.
  Time since last request: 1.831868 seconds.
  path: Assets/Prefabs/Bullets/SrapnelFractions/Fraction_2.prefab
  artifactKey: Guid(bedb421c3092c754bb3839ef71d03628) Importer(815301076,1909f56bfc062723c751e8b465ee728b)
Start importing Assets/Prefabs/Bullets/SrapnelFractions/Fraction_2.prefab using Guid(bedb421c3092c754bb3839ef71d03628) Importer(815301076,1909f56bfc062723c751e8b465ee728b)  -> (artifact id: '9af594290ef749e21b70ccd75a18bbae') in 0.021118 seconds 
========================================================================
Received Import Request.
  Time since last request: 1.583734 seconds.
  path: Assets/Prefabs/Bullets/SrapnelFractions/Fraction_2.prefab
  artifactKey: Guid(bedb421c3092c754bb3839ef71d03628) Importer(815301076,1909f56bfc062723c751e8b465ee728b)
Start importing Assets/Prefabs/Bullets/SrapnelFractions/Fraction_2.prefab using Guid(bedb421c3092c754bb3839ef71d03628) Importer(815301076,1909f56bfc062723c751e8b465ee728b)  -> (artifact id: '6d1e0b0a00cc85bb2485ef7421e8c405') in 0.011999 seconds 
========================================================================
Received Import Request.
  Time since last request: 2.880886 seconds.
  path: Assets/Prefabs/Bullets/SrapnelFractions/Fraction_2.prefab
  artifactKey: Guid(bedb421c3092c754bb3839ef71d03628) Importer(815301076,1909f56bfc062723c751e8b465ee728b)
Start importing Assets/Prefabs/Bullets/SrapnelFractions/Fraction_2.prefab using Guid(bedb421c3092c754bb3839ef71d03628) Importer(815301076,1909f56bfc062723c751e8b465ee728b)  -> (artifact id: 'd0538f3f6d33c498303ea84d49c4942e') in 0.021413 seconds 
========================================================================
Received Import Request.
  Time since last request: 2.268651 seconds.
  path: Assets/Prefabs/Bullets/SrapnelFractions/Fraction_2.prefab
  artifactKey: Guid(bedb421c3092c754bb3839ef71d03628) Importer(815301076,1909f56bfc062723c751e8b465ee728b)
Start importing Assets/Prefabs/Bullets/SrapnelFractions/Fraction_2.prefab using Guid(bedb421c3092c754bb3839ef71d03628) Importer(815301076,1909f56bfc062723c751e8b465ee728b)  -> (artifact id: '4be15c47a716497be5dc649f08e27a2a') in 0.021535 seconds 
========================================================================
Received Import Request.
  Time since last request: 1.841202 seconds.
  path: Assets/Prefabs/Bullets/SrapnelFractions/Fraction_2.prefab
  artifactKey: Guid(bedb421c3092c754bb3839ef71d03628) Importer(815301076,1909f56bfc062723c751e8b465ee728b)
Start importing Assets/Prefabs/Bullets/SrapnelFractions/Fraction_2.prefab using Guid(bedb421c3092c754bb3839ef71d03628) Importer(815301076,1909f56bfc062723c751e8b465ee728b)  -> (artifact id: '08058a7689d2aa2340df8cd50d219bfd') in 0.011859 seconds 
========================================================================
Received Import Request.
  Time since last request: 7.753941 seconds.
  path: Assets/Prefabs/Bullets/SrapnelFractions/Fraction_3.prefab
  artifactKey: Guid(d7c2347584d92434dad9914f3ff41461) Importer(815301076,1909f56bfc062723c751e8b465ee728b)
Start importing Assets/Prefabs/Bullets/SrapnelFractions/Fraction_3.prefab using Guid(d7c2347584d92434dad9914f3ff41461) Importer(815301076,1909f56bfc062723c751e8b465ee728b)  -> (artifact id: '3af9a51a83c52e5f99ab649c5e2da930') in 0.025365 seconds 
========================================================================
Received Import Request.
  Time since last request: 2.054591 seconds.
  path: Assets/Prefabs/Bullets/SrapnelFractions/Fraction_3.prefab
  artifactKey: Guid(d7c2347584d92434dad9914f3ff41461) Importer(815301076,1909f56bfc062723c751e8b465ee728b)
Start importing Assets/Prefabs/Bullets/SrapnelFractions/Fraction_3.prefab using Guid(d7c2347584d92434dad9914f3ff41461) Importer(815301076,1909f56bfc062723c751e8b465ee728b)  -> (artifact id: '7fa7cca3c7958020a9b0bb45ffbc6a65') in 0.024607 seconds 
========================================================================
Received Import Request.
  Time since last request: 1.397050 seconds.
  path: Assets/Prefabs/Bullets/SrapnelFractions/Fraction_3.prefab
  artifactKey: Guid(d7c2347584d92434dad9914f3ff41461) Importer(815301076,1909f56bfc062723c751e8b465ee728b)
Start importing Assets/Prefabs/Bullets/SrapnelFractions/Fraction_3.prefab using Guid(d7c2347584d92434dad9914f3ff41461) Importer(815301076,1909f56bfc062723c751e8b465ee728b)  -> (artifact id: 'de65ccfe342784631c07ca66376b5c73') in 0.020128 seconds 
========================================================================
Received Import Request.
  Time since last request: 6.558164 seconds.
  path: Assets/Prefabs/Bullets/SrapnelFractions/Fraction_3.prefab
  artifactKey: Guid(d7c2347584d92434dad9914f3ff41461) Importer(815301076,1909f56bfc062723c751e8b465ee728b)
Start importing Assets/Prefabs/Bullets/SrapnelFractions/Fraction_3.prefab using Guid(d7c2347584d92434dad9914f3ff41461) Importer(815301076,1909f56bfc062723c751e8b465ee728b)  -> (artifact id: '20dfea8a17b3345ab13bdd7e4a10ed0e') in 0.027307 seconds 
========================================================================
Received Import Request.
  Time since last request: 3.937162 seconds.
  path: Assets/Prefabs/Bullets/SrapnelFractions/Fraction_3.prefab
  artifactKey: Guid(d7c2347584d92434dad9914f3ff41461) Importer(815301076,1909f56bfc062723c751e8b465ee728b)
Start importing Assets/Prefabs/Bullets/SrapnelFractions/Fraction_3.prefab using Guid(d7c2347584d92434dad9914f3ff41461) Importer(815301076,1909f56bfc062723c751e8b465ee728b)  -> (artifact id: '88f9c813d3324bedecdad3e3363f3c6f') in 0.046233 seconds 
========================================================================
Received Import Request.
  Time since last request: 1.600718 seconds.
  path: Assets/Prefabs/Bullets/SrapnelFractions/Fraction_3.prefab
  artifactKey: Guid(d7c2347584d92434dad9914f3ff41461) Importer(815301076,1909f56bfc062723c751e8b465ee728b)
Start importing Assets/Prefabs/Bullets/SrapnelFractions/Fraction_3.prefab using Guid(d7c2347584d92434dad9914f3ff41461) Importer(815301076,1909f56bfc062723c751e8b465ee728b)  -> (artifact id: '62e800b50277a1360c5da1967182c603') in 0.010344 seconds 
========================================================================
Received Import Request.
  Time since last request: 1.026104 seconds.
  path: Assets/Prefabs/Bullets/SrapnelFractions/Fraction_3.prefab
  artifactKey: Guid(d7c2347584d92434dad9914f3ff41461) Importer(815301076,1909f56bfc062723c751e8b465ee728b)
Start importing Assets/Prefabs/Bullets/SrapnelFractions/Fraction_3.prefab using Guid(d7c2347584d92434dad9914f3ff41461) Importer(815301076,1909f56bfc062723c751e8b465ee728b)  -> (artifact id: 'a08b0273980670a231238859fbe343be') in 0.012013 seconds 
========================================================================
Received Import Request.
  Time since last request: 0.991626 seconds.
  path: Assets/Prefabs/Bullets/SrapnelFractions/Fraction_3.prefab
  artifactKey: Guid(d7c2347584d92434dad9914f3ff41461) Importer(815301076,1909f56bfc062723c751e8b465ee728b)
Start importing Assets/Prefabs/Bullets/SrapnelFractions/Fraction_3.prefab using Guid(d7c2347584d92434dad9914f3ff41461) Importer(815301076,1909f56bfc062723c751e8b465ee728b)  -> (artifact id: '22710ce50663f52b8cd09f99aba82500') in 0.011473 seconds 
========================================================================
Received Import Request.
  Time since last request: 1.840370 seconds.
  path: Assets/Prefabs/Bullets/SrapnelFractions/Fraction_3.prefab
  artifactKey: Guid(d7c2347584d92434dad9914f3ff41461) Importer(815301076,1909f56bfc062723c751e8b465ee728b)
Start importing Assets/Prefabs/Bullets/SrapnelFractions/Fraction_3.prefab using Guid(d7c2347584d92434dad9914f3ff41461) Importer(815301076,1909f56bfc062723c751e8b465ee728b)  -> (artifact id: '61cd09df81a4d42d7d0f755b3a5dddb9') in 0.020636 seconds 
========================================================================
Received Import Request.
  Time since last request: 3.280434 seconds.
  path: Assets/Prefabs/Bullets/SrapnelFractions/Fraction_3.prefab
  artifactKey: Guid(d7c2347584d92434dad9914f3ff41461) Importer(815301076,1909f56bfc062723c751e8b465ee728b)
Start importing Assets/Prefabs/Bullets/SrapnelFractions/Fraction_3.prefab using Guid(d7c2347584d92434dad9914f3ff41461) Importer(815301076,1909f56bfc062723c751e8b465ee728b)  -> (artifact id: 'f9fca613a36a2658cff07c9232a44682') in 0.022194 seconds 
========================================================================
Received Import Request.
  Time since last request: 1.601455 seconds.
  path: Assets/Prefabs/Bullets/SrapnelFractions/Fraction_3.prefab
  artifactKey: Guid(d7c2347584d92434dad9914f3ff41461) Importer(815301076,1909f56bfc062723c751e8b465ee728b)
Start importing Assets/Prefabs/Bullets/SrapnelFractions/Fraction_3.prefab using Guid(d7c2347584d92434dad9914f3ff41461) Importer(815301076,1909f56bfc062723c751e8b465ee728b)  -> (artifact id: 'd298d51ab56858f6af2c8a144187ff8a') in 0.010102 seconds 
========================================================================
Received Import Request.
  Time since last request: 2.657181 seconds.
  path: Assets/Prefabs/Bullets/SrapnelFractions/Fraction_3.prefab
  artifactKey: Guid(d7c2347584d92434dad9914f3ff41461) Importer(815301076,1909f56bfc062723c751e8b465ee728b)
Start importing Assets/Prefabs/Bullets/SrapnelFractions/Fraction_3.prefab using Guid(d7c2347584d92434dad9914f3ff41461) Importer(815301076,1909f56bfc062723c751e8b465ee728b)  -> (artifact id: '12b3d1a3401f59914889c0a50f08c960') in 0.012333 seconds 
========================================================================
Received Import Request.
  Time since last request: 1.412411 seconds.
  path: Assets/Prefabs/Bullets/SrapnelFractions/Fraction_3.prefab
  artifactKey: Guid(d7c2347584d92434dad9914f3ff41461) Importer(815301076,1909f56bfc062723c751e8b465ee728b)
Start importing Assets/Prefabs/Bullets/SrapnelFractions/Fraction_3.prefab using Guid(d7c2347584d92434dad9914f3ff41461) Importer(815301076,1909f56bfc062723c751e8b465ee728b)  -> (artifact id: '1dc010e7ba804493511363aa2f46eddd') in 0.010205 seconds 
========================================================================
Received Import Request.
  Time since last request: 2.667502 seconds.
  path: Assets/Prefabs/Bullets/SrapnelFractions/Fraction_3.prefab
  artifactKey: Guid(d7c2347584d92434dad9914f3ff41461) Importer(815301076,1909f56bfc062723c751e8b465ee728b)
Start importing Assets/Prefabs/Bullets/SrapnelFractions/Fraction_3.prefab using Guid(d7c2347584d92434dad9914f3ff41461) Importer(815301076,1909f56bfc062723c751e8b465ee728b)  -> (artifact id: 'b190727abc84484dde52c4ea55546eb2') in 0.018163 seconds 
========================================================================
Received Import Request.
  Time since last request: 1.208676 seconds.
  path: Assets/Prefabs/Bullets/SrapnelFractions/Fraction_3.prefab
  artifactKey: Guid(d7c2347584d92434dad9914f3ff41461) Importer(815301076,1909f56bfc062723c751e8b465ee728b)
Start importing Assets/Prefabs/Bullets/SrapnelFractions/Fraction_3.prefab using Guid(d7c2347584d92434dad9914f3ff41461) Importer(815301076,1909f56bfc062723c751e8b465ee728b)  -> (artifact id: 'e23dd7c74ac0c29ca61670128827eccd') in 0.009987 seconds 
========================================================================
Received Import Request.
  Time since last request: 1.847057 seconds.
  path: Assets/Prefabs/Bullets/SrapnelFractions/Fraction_3.prefab
  artifactKey: Guid(d7c2347584d92434dad9914f3ff41461) Importer(815301076,1909f56bfc062723c751e8b465ee728b)
Start importing Assets/Prefabs/Bullets/SrapnelFractions/Fraction_3.prefab using Guid(d7c2347584d92434dad9914f3ff41461) Importer(815301076,1909f56bfc062723c751e8b465ee728b)  -> (artifact id: '6139d91be1b047dafeed3082cb89b15a') in 0.009356 seconds 
========================================================================
Received Import Request.
  Time since last request: 6.079629 seconds.
  path: Assets/Prefabs/Bullets/SrapnelFractions/Fraction_4.prefab
  artifactKey: Guid(deef2eddb6352f0498ae72ee71c572dc) Importer(815301076,1909f56bfc062723c751e8b465ee728b)
Start importing Assets/Prefabs/Bullets/SrapnelFractions/Fraction_4.prefab using Guid(deef2eddb6352f0498ae72ee71c572dc) Importer(815301076,1909f56bfc062723c751e8b465ee728b)  -> (artifact id: '7cc737b4214dee2ed28236d94f4b6536') in 0.022326 seconds 
========================================================================
Received Import Request.
  Time since last request: 2.216348 seconds.
  path: Assets/Prefabs/Bullets/SrapnelFractions/Fraction_4.prefab
  artifactKey: Guid(deef2eddb6352f0498ae72ee71c572dc) Importer(815301076,1909f56bfc062723c751e8b465ee728b)
Start importing Assets/Prefabs/Bullets/SrapnelFractions/Fraction_4.prefab using Guid(deef2eddb6352f0498ae72ee71c572dc) Importer(815301076,1909f56bfc062723c751e8b465ee728b)  -> (artifact id: '4fc17a51c32103b1a051b59808e4c6f5') in 0.019591 seconds 
========================================================================
Received Import Request.
  Time since last request: 1.995308 seconds.
  path: Assets/Prefabs/Bullets/SrapnelFractions/Fraction_4.prefab
  artifactKey: Guid(deef2eddb6352f0498ae72ee71c572dc) Importer(815301076,1909f56bfc062723c751e8b465ee728b)
Start importing Assets/Prefabs/Bullets/SrapnelFractions/Fraction_4.prefab using Guid(deef2eddb6352f0498ae72ee71c572dc) Importer(815301076,1909f56bfc062723c751e8b465ee728b)  -> (artifact id: 'e4f63d9f01f0b0b3283b1f22443309a2') in 0.018906 seconds 
========================================================================
Received Import Request.
  Time since last request: 6.549819 seconds.
  path: Assets/Prefabs/Bullets/SrapnelFractions/Fraction_4.prefab
  artifactKey: Guid(deef2eddb6352f0498ae72ee71c572dc) Importer(815301076,1909f56bfc062723c751e8b465ee728b)
Start importing Assets/Prefabs/Bullets/SrapnelFractions/Fraction_4.prefab using Guid(deef2eddb6352f0498ae72ee71c572dc) Importer(815301076,1909f56bfc062723c751e8b465ee728b)  -> (artifact id: '985af1de0a3f9b76f2efa4e36b1d15e0') in 0.023188 seconds 
========================================================================
Received Import Request.
  Time since last request: 1.216244 seconds.
  path: Assets/Prefabs/Bullets/SrapnelFractions/Fraction_4.prefab
  artifactKey: Guid(deef2eddb6352f0498ae72ee71c572dc) Importer(815301076,1909f56bfc062723c751e8b465ee728b)
Start importing Assets/Prefabs/Bullets/SrapnelFractions/Fraction_4.prefab using Guid(deef2eddb6352f0498ae72ee71c572dc) Importer(815301076,1909f56bfc062723c751e8b465ee728b)  -> (artifact id: '8cb419606c31dd81ab2e2c85e110e28b') in 0.009758 seconds 
========================================================================
Received Import Request.
  Time since last request: 2.036780 seconds.
  path: Assets/Prefabs/Bullets/SrapnelFractions/Fraction_4.prefab
  artifactKey: Guid(deef2eddb6352f0498ae72ee71c572dc) Importer(815301076,1909f56bfc062723c751e8b465ee728b)
Start importing Assets/Prefabs/Bullets/SrapnelFractions/Fraction_4.prefab using Guid(deef2eddb6352f0498ae72ee71c572dc) Importer(815301076,1909f56bfc062723c751e8b465ee728b)  -> (artifact id: '6b71811dd81923f78599b055c7620d46') in 0.020774 seconds 
========================================================================
Received Import Request.
  Time since last request: 1.806128 seconds.
  path: Assets/Prefabs/Bullets/SrapnelFractions/Fraction_4.prefab
  artifactKey: Guid(deef2eddb6352f0498ae72ee71c572dc) Importer(815301076,1909f56bfc062723c751e8b465ee728b)
Start importing Assets/Prefabs/Bullets/SrapnelFractions/Fraction_4.prefab using Guid(deef2eddb6352f0498ae72ee71c572dc) Importer(815301076,1909f56bfc062723c751e8b465ee728b)  -> (artifact id: '19cb8e8bc89cde31a67cdebec9975651') in 0.020624 seconds 
========================================================================
Received Import Request.
  Time since last request: 1.617101 seconds.
  path: Assets/Prefabs/Bullets/SrapnelFractions/Fraction_4.prefab
  artifactKey: Guid(deef2eddb6352f0498ae72ee71c572dc) Importer(815301076,1909f56bfc062723c751e8b465ee728b)
Start importing Assets/Prefabs/Bullets/SrapnelFractions/Fraction_4.prefab using Guid(deef2eddb6352f0498ae72ee71c572dc) Importer(815301076,1909f56bfc062723c751e8b465ee728b)  -> (artifact id: '56cc7ed0b38cb848ac0a2e86d24724a8') in 0.011059 seconds 
========================================================================
Received Import Request.
  Time since last request: 3.268360 seconds.
  path: Assets/Prefabs/Bullets/SrapnelFractions/Fraction_4.prefab
  artifactKey: Guid(deef2eddb6352f0498ae72ee71c572dc) Importer(815301076,1909f56bfc062723c751e8b465ee728b)
Start importing Assets/Prefabs/Bullets/SrapnelFractions/Fraction_4.prefab using Guid(deef2eddb6352f0498ae72ee71c572dc) Importer(815301076,1909f56bfc062723c751e8b465ee728b)  -> (artifact id: 'd1d2765263435b432e22648106f94e1a') in 0.024484 seconds 
========================================================================
Received Import Request.
  Time since last request: 3.884664 seconds.
  path: Assets/Prefabs/Bullets/SrapnelFractions/Fraction_4.prefab
  artifactKey: Guid(deef2eddb6352f0498ae72ee71c572dc) Importer(815301076,1909f56bfc062723c751e8b465ee728b)
Start importing Assets/Prefabs/Bullets/SrapnelFractions/Fraction_4.prefab using Guid(deef2eddb6352f0498ae72ee71c572dc) Importer(815301076,1909f56bfc062723c751e8b465ee728b)  -> (artifact id: '42d543c012bd715f6af9ce1f4370addb') in 0.022940 seconds 
========================================================================
Received Import Request.
  Time since last request: 2.847355 seconds.
  path: Assets/Prefabs/Bullets/SrapnelFractions/Fraction_4.prefab
  artifactKey: Guid(deef2eddb6352f0498ae72ee71c572dc) Importer(815301076,1909f56bfc062723c751e8b465ee728b)
Start importing Assets/Prefabs/Bullets/SrapnelFractions/Fraction_4.prefab using Guid(deef2eddb6352f0498ae72ee71c572dc) Importer(815301076,1909f56bfc062723c751e8b465ee728b)  -> (artifact id: 'b849509eae5c0041e94f11079865c21f') in 0.019732 seconds 
========================================================================
Received Import Request.
  Time since last request: 2.659758 seconds.
  path: Assets/Prefabs/Bullets/SrapnelFractions/Fraction_4.prefab
  artifactKey: Guid(deef2eddb6352f0498ae72ee71c572dc) Importer(815301076,1909f56bfc062723c751e8b465ee728b)
Start importing Assets/Prefabs/Bullets/SrapnelFractions/Fraction_4.prefab using Guid(deef2eddb6352f0498ae72ee71c572dc) Importer(815301076,1909f56bfc062723c751e8b465ee728b)  -> (artifact id: '8be8ee1640f5e336928f46cb37b5b92e') in 0.024157 seconds 
========================================================================
Received Import Request.
  Time since last request: 1.171222 seconds.
  path: Assets/Prefabs/Bullets/SrapnelFractions/Fraction_4.prefab
  artifactKey: Guid(deef2eddb6352f0498ae72ee71c572dc) Importer(815301076,1909f56bfc062723c751e8b465ee728b)
Start importing Assets/Prefabs/Bullets/SrapnelFractions/Fraction_4.prefab using Guid(deef2eddb6352f0498ae72ee71c572dc) Importer(815301076,1909f56bfc062723c751e8b465ee728b)  -> (artifact id: 'cb7dc609365db3980cf51fbf9b6b17f3') in 0.009442 seconds 
========================================================================
Received Import Request.
  Time since last request: 1.905340 seconds.
  path: Assets/Prefabs/Bullets/SrapnelFractions/Fraction_4.prefab
  artifactKey: Guid(deef2eddb6352f0498ae72ee71c572dc) Importer(815301076,1909f56bfc062723c751e8b465ee728b)
Start importing Assets/Prefabs/Bullets/SrapnelFractions/Fraction_4.prefab using Guid(deef2eddb6352f0498ae72ee71c572dc) Importer(815301076,1909f56bfc062723c751e8b465ee728b)  -> (artifact id: 'dd678c2d33c615443118f33684af2895') in 0.015986 seconds 
========================================================================
Received Import Request.
  Time since last request: 3.264352 seconds.
  path: Assets/Prefabs/Bullets/SrapnelFractions/Fraction_4.prefab
  artifactKey: Guid(deef2eddb6352f0498ae72ee71c572dc) Importer(815301076,1909f56bfc062723c751e8b465ee728b)
Start importing Assets/Prefabs/Bullets/SrapnelFractions/Fraction_4.prefab using Guid(deef2eddb6352f0498ae72ee71c572dc) Importer(815301076,1909f56bfc062723c751e8b465ee728b)  -> (artifact id: '5a3f5608e594092f9dd90b4bab4e4d21') in 0.023868 seconds 
========================================================================
Received Prepare
Registering precompiled user dll's ...
Registered in 0.000863 seconds.
Begin MonoManager ReloadAssembly
Native extension for Lumin target not found
Native extension for LinuxStandalone target not found
Native extension for WindowsStandalone target not found
Native extension for OSXStandalone target not found
Native extension for WebGL target not found
Refreshing native plugins compatible for Editor in 0.35 ms, found 1 plugins.
Preloading 0 native plugins for Editor in 0.00 ms.
Mono: successfully reloaded assembly
- Completed reload, in  0.913 seconds
Platform modules already initialized, skipping
Refreshing native plugins compatible for Editor in 0.35 ms, found 1 plugins.
Preloading 0 native plugins for Editor in 0.00 ms.
Unloading 1849 Unused Serialized files (Serialized files now loaded: 0)
System memory in use before: 97.1 MB.
System memory in use after: 97.2 MB.

Unloading 8 unused Assets to reduce memory usage. Loaded Objects now: 2360.
Total: 4.360200 ms (FindLiveObjects: 0.328300 ms CreateObjectMapping: 0.181000 ms MarkObjects: 3.821200 ms  DeleteObjects: 0.027300 ms)

========================================================================
Received Import Request.
  Time since last request: 51.507799 seconds.
  path: Assets/Prefabs/Bullets/ShrapnelBullet.prefab
  artifactKey: Guid(ff78fda15891c6f4d90383f5812954da) Importer(815301076,1909f56bfc062723c751e8b465ee728b)
Start importing Assets/Prefabs/Bullets/ShrapnelBullet.prefab using Guid(ff78fda15891c6f4d90383f5812954da) Importer(815301076,1909f56bfc062723c751e8b465ee728b)  -> (artifact id: '2feff6aa9c45e71cdd9082c05b399f0b') in 0.061825 seconds 
========================================================================
Received Import Request.
  Time since last request: 2.206343 seconds.
  path: Assets/Prefabs/Bullets/ShrapnelBullet.prefab
  artifactKey: Guid(ff78fda15891c6f4d90383f5812954da) Importer(815301076,1909f56bfc062723c751e8b465ee728b)
Start importing Assets/Prefabs/Bullets/ShrapnelBullet.prefab using Guid(ff78fda15891c6f4d90383f5812954da) Importer(815301076,1909f56bfc062723c751e8b465ee728b)  -> (artifact id: 'eead88acbf305476c80935904afe1b4d') in 0.021606 seconds 
========================================================================
Received Prepare
Registering precompiled user dll's ...
Registered in 0.000776 seconds.
Begin MonoManager ReloadAssembly
Native extension for Lumin target not found
Native extension for LinuxStandalone target not found
Native extension for WindowsStandalone target not found
Native extension for OSXStandalone target not found
Native extension for WebGL target not found
Refreshing native plugins compatible for Editor in 0.34 ms, found 1 plugins.
Preloading 0 native plugins for Editor in 0.00 ms.
Mono: successfully reloaded assembly
- Completed reload, in  0.923 seconds
Platform modules already initialized, skipping
Refreshing native plugins compatible for Editor in 0.34 ms, found 1 plugins.
Preloading 0 native plugins for Editor in 0.00 ms.
Unloading 1849 Unused Serialized files (Serialized files now loaded: 0)
System memory in use before: 97.1 MB.
System memory in use after: 97.2 MB.

Unloading 8 unused Assets to reduce memory usage. Loaded Objects now: 2364.
Total: 2.875900 ms (FindLiveObjects: 0.192800 ms CreateObjectMapping: 0.091400 ms MarkObjects: 2.567900 ms  DeleteObjects: 0.022300 ms)

========================================================================
Received Import Request.
  Time since last request: 37.698559 seconds.
  path: Assets/Prefabs/Bullets/ShrapnelBullet.prefab
  artifactKey: Guid(ff78fda15891c6f4d90383f5812954da) Importer(815301076,1909f56bfc062723c751e8b465ee728b)
Start importing Assets/Prefabs/Bullets/ShrapnelBullet.prefab using Guid(ff78fda15891c6f4d90383f5812954da) Importer(815301076,1909f56bfc062723c751e8b465ee728b)  -> (artifact id: '9a8ed19fe7c66016bdf21402e72136c3') in 0.058420 seconds 
========================================================================
Received Prepare
Registering precompiled user dll's ...
Registered in 0.000789 seconds.
Begin MonoManager ReloadAssembly
Native extension for Lumin target not found
Native extension for LinuxStandalone target not found
Native extension for WindowsStandalone target not found
Native extension for OSXStandalone target not found
Native extension for WebGL target not found
Refreshing native plugins compatible for Editor in 0.34 ms, found 1 plugins.
Preloading 0 native plugins for Editor in 0.00 ms.
Mono: successfully reloaded assembly
- Completed reload, in  0.927 seconds
Platform modules already initialized, skipping
Refreshing native plugins compatible for Editor in 0.34 ms, found 1 plugins.
Preloading 0 native plugins for Editor in 0.00 ms.
Unloading 1849 Unused Serialized files (Serialized files now loaded: 0)
System memory in use before: 97.1 MB.
System memory in use after: 97.2 MB.

Unloading 8 unused Assets to reduce memory usage. Loaded Objects now: 2368.
Total: 2.044600 ms (FindLiveObjects: 0.158700 ms CreateObjectMapping: 0.070700 ms MarkObjects: 1.801100 ms  DeleteObjects: 0.013200 ms)

========================================================================
Received Import Request.
  Time since last request: 45.161226 seconds.
  path: Assets/Prefabs/Bullets/ShrapnelBullet.prefab
  artifactKey: Guid(ff78fda15891c6f4d90383f5812954da) Importer(815301076,1909f56bfc062723c751e8b465ee728b)
Start importing Assets/Prefabs/Bullets/ShrapnelBullet.prefab using Guid(ff78fda15891c6f4d90383f5812954da) Importer(815301076,1909f56bfc062723c751e8b465ee728b)  -> (artifact id: '808edcab5c96a7d5aa4558097831ccf7') in 0.068083 seconds 
========================================================================
Received Prepare
Registering precompiled user dll's ...
Registered in 0.000838 seconds.
Begin MonoManager ReloadAssembly
Native extension for Lumin target not found
Native extension for LinuxStandalone target not found
Native extension for WindowsStandalone target not found
Native extension for OSXStandalone target not found
Native extension for WebGL target not found
Refreshing native plugins compatible for Editor in 0.34 ms, found 1 plugins.
Preloading 0 native plugins for Editor in 0.00 ms.
Mono: successfully reloaded assembly
- Completed reload, in  0.925 seconds
Platform modules already initialized, skipping
Refreshing native plugins compatible for Editor in 0.42 ms, found 1 plugins.
Preloading 0 native plugins for Editor in 0.00 ms.
Unloading 1849 Unused Serialized files (Serialized files now loaded: 0)
System memory in use before: 97.1 MB.
System memory in use after: 97.2 MB.

Unloading 8 unused Assets to reduce memory usage. Loaded Objects now: 2372.
Total: 2.471900 ms (FindLiveObjects: 0.292600 ms CreateObjectMapping: 0.113100 ms MarkObjects: 2.048500 ms  DeleteObjects: 0.016600 ms)

========================================================================
Received Prepare
Registering precompiled user dll's ...
Registered in 0.000806 seconds.
Begin MonoManager ReloadAssembly
Native extension for Lumin target not found
Native extension for LinuxStandalone target not found
Native extension for WindowsStandalone target not found
Native extension for OSXStandalone target not found
Native extension for WebGL target not found
Refreshing native plugins compatible for Editor in 0.50 ms, found 1 plugins.
Preloading 0 native plugins for Editor in 0.00 ms.
Mono: successfully reloaded assembly
- Completed reload, in  0.962 seconds
Platform modules already initialized, skipping
Refreshing native plugins compatible for Editor in 0.36 ms, found 1 plugins.
Preloading 0 native plugins for Editor in 0.00 ms.
Unloading 1849 Unused Serialized files (Serialized files now loaded: 0)
System memory in use before: 97.1 MB.
System memory in use after: 97.2 MB.

Unloading 8 unused Assets to reduce memory usage. Loaded Objects now: 2375.
Total: 2.216200 ms (FindLiveObjects: 0.176700 ms CreateObjectMapping: 0.076200 ms MarkObjects: 1.946100 ms  DeleteObjects: 0.016100 ms)

========================================================================
Received Import Request.
  Time since last request: 165.073840 seconds.
  path: Assets/Prefabs/Bullets/ShrapnelBullet.prefab
  artifactKey: Guid(ff78fda15891c6f4d90383f5812954da) Importer(815301076,1909f56bfc062723c751e8b465ee728b)
Start importing Assets/Prefabs/Bullets/ShrapnelBullet.prefab using Guid(ff78fda15891c6f4d90383f5812954da) Importer(815301076,1909f56bfc062723c751e8b465ee728b)  -> (artifact id: 'fa4c8844908b4b9ca387917cbe0a2217') in 0.058133 seconds 
========================================================================
Received Prepare
Registering precompiled user dll's ...
Registered in 0.000796 seconds.
Begin MonoManager ReloadAssembly
Native extension for Lumin target not found
Native extension for LinuxStandalone target not found
Native extension for WindowsStandalone target not found
Native extension for OSXStandalone target not found
Native extension for WebGL target not found
Refreshing native plugins compatible for Editor in 0.37 ms, found 1 plugins.
Preloading 0 native plugins for Editor in 0.00 ms.
Mono: successfully reloaded assembly
- Completed reload, in  1.023 seconds
Platform modules already initialized, skipping
Refreshing native plugins compatible for Editor in 0.40 ms, found 1 plugins.
Preloading 0 native plugins for Editor in 0.00 ms.
Unloading 1849 Unused Serialized files (Serialized files now loaded: 0)
System memory in use before: 97.1 MB.
System memory in use after: 97.2 MB.

Unloading 8 unused Assets to reduce memory usage. Loaded Objects now: 2379.
Total: 5.692200 ms (FindLiveObjects: 0.348400 ms CreateObjectMapping: 0.180100 ms MarkObjects: 5.123100 ms  DeleteObjects: 0.038200 ms)

========================================================================
Received Prepare
Registering precompiled user dll's ...
Registered in 0.000904 seconds.
Begin MonoManager ReloadAssembly
Native extension for Lumin target not found
Native extension for LinuxStandalone target not found
Native extension for WindowsStandalone target not found
Native extension for OSXStandalone target not found
Native extension for WebGL target not found
Refreshing native plugins compatible for Editor in 0.39 ms, found 1 plugins.
Preloading 0 native plugins for Editor in 0.00 ms.
Mono: successfully reloaded assembly
- Completed reload, in  0.995 seconds
Platform modules already initialized, skipping
Refreshing native plugins compatible for Editor in 0.34 ms, found 1 plugins.
Preloading 0 native plugins for Editor in 0.00 ms.
Unloading 1863 Unused Serialized files (Serialized files now loaded: 0)
System memory in use before: 97.6 MB.
System memory in use after: 97.7 MB.

Unloading 8 unused Assets to reduce memory usage. Loaded Objects now: 2396.
Total: 2.255200 ms (FindLiveObjects: 0.170200 ms CreateObjectMapping: 0.078700 ms MarkObjects: 1.990100 ms  DeleteObjects: 0.015100 ms)

========================================================================
Received Import Request.
  Time since last request: 1253.579406 seconds.
  path: Assets/NavMeshComponents/Scripts/NavMeshComponents.asmdef
  artifactKey: Guid(8c4dd21966739024fbd72155091d199e) Importer(815301076,1909f56bfc062723c751e8b465ee728b)
Start importing Assets/NavMeshComponents/Scripts/NavMeshComponents.asmdef using Guid(8c4dd21966739024fbd72155091d199e) Importer(815301076,1909f56bfc062723c751e8b465ee728b)  -> (artifact id: '8e9d5fde8818d71b5ba755e7a9e8633b') in 0.009975 seconds 
========================================================================
Received Import Request.
  Time since last request: 2.675017 seconds.
  path: Assets/NavMeshComponents/Editor/NavMeshComponentsEditor.asmdef
  artifactKey: Guid(86c9d8e67265f41469be06142c397d17) Importer(815301076,1909f56bfc062723c751e8b465ee728b)
Start importing Assets/NavMeshComponents/Editor/NavMeshComponentsEditor.asmdef using Guid(86c9d8e67265f41469be06142c397d17) Importer(815301076,1909f56bfc062723c751e8b465ee728b)  -> (artifact id: 'b635c629717277956f77c8cd0dfe5ddd') in 0.006243 seconds 
========================================================================
Received Import Request.
  Time since last request: 1.917373 seconds.
  path: Assets/NavMeshComponents/Scripts/NavMeshLink.cs
  artifactKey: Guid(6eeb5dc026fdf4b488bc7ae0138ab719) Importer(815301076,1909f56bfc062723c751e8b465ee728b)
Start importing Assets/NavMeshComponents/Scripts/NavMeshLink.cs using Guid(6eeb5dc026fdf4b488bc7ae0138ab719) Importer(815301076,1909f56bfc062723c751e8b465ee728b)  -> (artifact id: '48ff34ee387652672754dafd9a6826bb') in 0.006264 seconds 
========================================================================
Received Import Request.
  Time since last request: 9.153360 seconds.
  path: Assets/NavMeshComponents/Scripts/NavMeshModifier.cs
  artifactKey: Guid(1e3fdca004f2d45fe8abbed571a8abd5) Importer(815301076,1909f56bfc062723c751e8b465ee728b)
Start importing Assets/NavMeshComponents/Scripts/NavMeshModifier.cs using Guid(1e3fdca004f2d45fe8abbed571a8abd5) Importer(815301076,1909f56bfc062723c751e8b465ee728b)  -> (artifact id: '9403cd23f9c2d9fe779cc1c386c0c3d4') in 0.007355 seconds 
========================================================================
Received Import Request.
  Time since last request: 7.554154 seconds.
  path: Assets/NavMeshComponents/Scripts/NavMeshSurface.cs
  artifactKey: Guid(7a5ac11cc976e418e8d13136b07e1f52) Importer(815301076,1909f56bfc062723c751e8b465ee728b)
Start importing Assets/NavMeshComponents/Scripts/NavMeshSurface.cs using Guid(7a5ac11cc976e418e8d13136b07e1f52) Importer(815301076,1909f56bfc062723c751e8b465ee728b)  -> (artifact id: 'b4bc41248ada190b9afa430f67b06a24') in 0.006586 seconds 
========================================================================
Received Import Request.
  Time since last request: 1.500395 seconds.
  path: Assets/NavMeshComponents/Scripts/NavMeshModifierVolume.cs
  artifactKey: Guid(35e95dc5ff2b64380880dd7ac5922847) Importer(815301076,1909f56bfc062723c751e8b465ee728b)
Start importing Assets/NavMeshComponents/Scripts/NavMeshModifierVolume.cs using Guid(35e95dc5ff2b64380880dd7ac5922847) Importer(815301076,1909f56bfc062723c751e8b465ee728b)  -> (artifact id: 'd693d7e91d1ce50b8139a2c272a2e8e3') in 0.007616 seconds 
========================================================================
Received Import Request.
  Time since last request: 2.150875 seconds.
  path: Assets/NavMeshComponents/Scripts/NavMeshSurface2d.cs
  artifactKey: Guid(148387606d0ccd84fa326ca211f274ba) Importer(815301076,1909f56bfc062723c751e8b465ee728b)
Start importing Assets/NavMeshComponents/Scripts/NavMeshSurface2d.cs using Guid(148387606d0ccd84fa326ca211f274ba) Importer(815301076,1909f56bfc062723c751e8b465ee728b)  -> (artifact id: 'e5f429eabc72ddcbe6a0171ec76723aa') in 0.006357 seconds 
========================================================================
Received Import Request.
  Time since last request: 1140.140904 seconds.
  path: Assets/NavMeshComponents/Scripts/NavMeshComponents.asmdef
  artifactKey: Guid(8c4dd21966739024fbd72155091d199e) Importer(815301076,1909f56bfc062723c751e8b465ee728b)
Start importing Assets/NavMeshComponents/Scripts/NavMeshComponents.asmdef using Guid(8c4dd21966739024fbd72155091d199e) Importer(815301076,1909f56bfc062723c751e8b465ee728b)  -> (artifact id: '65da05d5581ab52a07ff944019745207') in 0.003468 seconds 
========================================================================
Received Import Request.
  Time since last request: 83.320587 seconds.
  path: Assets/NavMeshComponents/Scripts/NavMeshBuilder2d.cs
  artifactKey: Guid(72f0dd11bca0bfd459699d21003f89ba) Importer(815301076,1909f56bfc062723c751e8b465ee728b)
Start importing Assets/NavMeshComponents/Scripts/NavMeshBuilder2d.cs using Guid(72f0dd11bca0bfd459699d21003f89ba) Importer(815301076,1909f56bfc062723c751e8b465ee728b)  -> (artifact id: '50d547c1a3dba2f761634f946ad7d417') in 0.017116 seconds 
========================================================================
Received Prepare
Registering precompiled user dll's ...
Registered in 0.000808 seconds.
Begin MonoManager ReloadAssembly
Native extension for Lumin target not found
Native extension for LinuxStandalone target not found
Native extension for WindowsStandalone target not found
Native extension for OSXStandalone target not found
Native extension for WebGL target not found
Refreshing native plugins compatible for Editor in 0.34 ms, found 1 plugins.
Preloading 0 native plugins for Editor in 0.00 ms.
Mono: successfully reloaded assembly
- Completed reload, in  0.959 seconds
Platform modules already initialized, skipping
Refreshing native plugins compatible for Editor in 0.38 ms, found 1 plugins.
Preloading 0 native plugins for Editor in 0.00 ms.
Unloading 1849 Unused Serialized files (Serialized files now loaded: 0)
System memory in use before: 97.3 MB.
System memory in use after: 97.4 MB.

Unloading 8 unused Assets to reduce memory usage. Loaded Objects now: 2399.
Total: 2.391800 ms (FindLiveObjects: 0.180100 ms CreateObjectMapping: 0.077100 ms MarkObjects: 2.112300 ms  DeleteObjects: 0.021100 ms)

========================================================================
Received Prepare
Registering precompiled user dll's ...
Registered in 0.000819 seconds.
Begin MonoManager ReloadAssembly
Native extension for Lumin target not found
Native extension for LinuxStandalone target not found
Native extension for WindowsStandalone target not found
Native extension for OSXStandalone target not found
Native extension for WebGL target not found
Refreshing native plugins compatible for Editor in 0.73 ms, found 1 plugins.
Preloading 0 native plugins for Editor in 0.00 ms.
Mono: successfully reloaded assembly
- Completed reload, in  0.908 seconds
Platform modules already initialized, skipping
Refreshing native plugins compatible for Editor in 0.35 ms, found 1 plugins.
Preloading 0 native plugins for Editor in 0.00 ms.
Unloading 1863 Unused Serialized files (Serialized files now loaded: 0)
System memory in use before: 97.6 MB.
System memory in use after: 97.7 MB.

Unloading 8 unused Assets to reduce memory usage. Loaded Objects now: 2402.
Total: 2.320700 ms (FindLiveObjects: 0.181500 ms CreateObjectMapping: 0.083700 ms MarkObjects: 2.038400 ms  DeleteObjects: 0.016100 ms)

========================================================================
Received Prepare
Registering precompiled user dll's ...
Registered in 0.000747 seconds.
Begin MonoManager ReloadAssembly
Native extension for Lumin target not found
Native extension for LinuxStandalone target not found
Native extension for WindowsStandalone target not found
Native extension for OSXStandalone target not found
Native extension for WebGL target not found
Refreshing native plugins compatible for Editor in 0.36 ms, found 1 plugins.
Preloading 0 native plugins for Editor in 0.00 ms.
Mono: successfully reloaded assembly
- Completed reload, in  0.901 seconds
Platform modules already initialized, skipping
Refreshing native plugins compatible for Editor in 0.36 ms, found 1 plugins.
Preloading 0 native plugins for Editor in 0.00 ms.
Unloading 1863 Unused Serialized files (Serialized files now loaded: 0)
System memory in use before: 97.6 MB.
System memory in use after: 97.7 MB.

Unloading 8 unused Assets to reduce memory usage. Loaded Objects now: 2405.
Total: 2.539800 ms (FindLiveObjects: 0.197700 ms CreateObjectMapping: 0.084800 ms MarkObjects: 2.239600 ms  DeleteObjects: 0.016100 ms)

========================================================================
Received Prepare
Registering precompiled user dll's ...
Registered in 0.000791 seconds.
Begin MonoManager ReloadAssembly
Native extension for Lumin target not found
Native extension for LinuxStandalone target not found
Native extension for WindowsStandalone target not found
Native extension for OSXStandalone target not found
Native extension for WebGL target not found
Refreshing native plugins compatible for Editor in 0.44 ms, found 1 plugins.
Preloading 0 native plugins for Editor in 0.00 ms.
Mono: successfully reloaded assembly
- Completed reload, in  1.178 seconds
Platform modules already initialized, skipping
Refreshing native plugins compatible for Editor in 0.38 ms, found 1 plugins.
Preloading 0 native plugins for Editor in 0.00 ms.
Unloading 1863 Unused Serialized files (Serialized files now loaded: 0)
System memory in use before: 97.6 MB.
System memory in use after: 97.7 MB.

Unloading 8 unused Assets to reduce memory usage. Loaded Objects now: 2408.
Total: 2.385000 ms (FindLiveObjects: 0.226900 ms CreateObjectMapping: 0.094200 ms MarkObjects: 2.048100 ms  DeleteObjects: 0.014900 ms)

========================================================================
Received Import Request.
  Time since last request: 184.321518 seconds.
  path: Assets/Prefabs/Map(Clone).prefab
  artifactKey: Guid(177456a7e1fdbce469cafd10214adde6) Importer(815301076,1909f56bfc062723c751e8b465ee728b)
Start importing Assets/Prefabs/Map(Clone).prefab using Guid(177456a7e1fdbce469cafd10214adde6) Importer(815301076,1909f56bfc062723c751e8b465ee728b)  -> (artifact id: 'f8c8808bcbd7291ba5ccabb1e842fe43') in 0.088744 seconds 
========================================================================
Received Import Request.
  Time since last request: 324.416157 seconds.
  path: Assets/Prefabs/Wall.prefab
  artifactKey: Guid(b02bb80d8b1086645952d6d19ebe7338) Importer(815301076,1909f56bfc062723c751e8b465ee728b)
Start importing Assets/Prefabs/Wall.prefab using Guid(b02bb80d8b1086645952d6d19ebe7338) Importer(815301076,1909f56bfc062723c751e8b465ee728b) Diagnostics callstack to track who triggered the sub-import:
0x00007ff673b70f22 (Unity) ImporterAssetResolver::ResolveAsset
0x00007ff673b43b02 (Unity) ResolveArtifactV2
0x00007ff673b5b4d0 (Unity) ImportToObjects
0x00007ff673b5a7e8 (Unity) ImportAsset
0x00007ff673af7f0f (Unity) AssetImportWorker::Import
0x00007ff673b1aeb2 (Unity) <lambda_9a0c3c600e605f826d039b184a304624>::operator()
0x00007ff673b9f742 (Unity) asio::detail::completion_handler<core::mutable_function<void __cdecl(void)> >::do_complete
0x00007ff673ba19b0 (Unity) asio::detail::win_iocp_io_service::do_one
0x00007ff673ba509e (Unity) asio::io_service::run
0x00007ff673b4472a (Unity) RunAssetImportWorkerClientV2
0x00007ff673b44780 (Unity) RunAssetImporterV2
0x00007ff673649376 (Unity) Application::InitializeProject
0x00007ff673a56eb7 (Unity) WinMain
0x00007ff6755b9672 (Unity) __scrt_common_main_seh
0x00007ff801907034 (KERNEL32) BaseThreadInitThunk
0x00007ff802902651 (ntdll) RtlUserThreadStart

Requesting import of Guid(b02bb80d8b1086645952d6d19ebe7338) Importer(-1,00000000000000000000000000000000), Assets/Prefabs/Wall.prefab from editor
Resuming Guid(b02bb80d8b1086645952d6d19ebe7338) Importer(-1,00000000000000000000000000000000) -> 30c32a56bf37a637e6c3d4a6dfa0b41a 
Assertion failed on expression: 'state.state == kUpToDate'

Assertion failed on expression: 'state.artifactID == result'

Diagnostics callstack to track who triggered the sub-import:
0x00007ff673b70f22 (Unity) ImporterAssetResolver::ResolveAsset
0x00007ff673b43b02 (Unity) ResolveArtifactV2
0x00007ff673b3be51 (Unity) ProduceArtifactV2
0x00007ff673ad533e (Unity) AssetDatabase::ProduceArtifact
0x00007ff673ac08d8 (Unity) PreviewImporter::GenerateAssetData
0x00007ff673b5b7ee (Unity) ImportToObjects
0x00007ff673b5a7e8 (Unity) ImportAsset
0x00007ff673af7f0f (Unity) AssetImportWorker::Import
0x00007ff673b1aeb2 (Unity) <lambda_9a0c3c600e605f826d039b184a304624>::operator()
0x00007ff673b9f742 (Unity) asio::detail::completion_handler<core::mutable_function<void __cdecl(void)> >::do_complete
0x00007ff673ba19b0 (Unity) asio::detail::win_iocp_io_service::do_one
0x00007ff673ba509e (Unity) asio::io_service::run
0x00007ff673b4472a (Unity) RunAssetImportWorkerClientV2
0x00007ff673b44780 (Unity) RunAssetImporterV2
0x00007ff673649376 (Unity) Application::InitializeProject
0x00007ff673a56eb7 (Unity) WinMain
0x00007ff6755b9672 (Unity) __scrt_common_main_seh
0x00007ff801907034 (KERNEL32) BaseThreadInitThunk
0x00007ff802902651 (ntdll) RtlUserThreadStart

Requesting import of Guid(b02bb80d8b1086645952d6d19ebe7338) Importer(-1,00000000000000000000000000000000), Assets/Prefabs/Wall.prefab from editor
Resuming Guid(b02bb80d8b1086645952d6d19ebe7338) Importer(-1,00000000000000000000000000000000) -> 30c32a56bf37a637e6c3d4a6dfa0b41a 
Assertion failed on expression: 'state.state == kUpToDate'

Assertion failed on expression: 'state.artifactID == result'

 -> (artifact id: 'eaed514a2559c270c5c42c98db49c2d3') in 2.432227 seconds 
========================================================================
Received Import Request.
  Time since last request: 4.118535 seconds.
  path: Assets/Prefabs/Wall.prefab
  artifactKey: Guid(b02bb80d8b1086645952d6d19ebe7338) Importer(815301076,1909f56bfc062723c751e8b465ee728b)
Start importing Assets/Prefabs/Wall.prefab using Guid(b02bb80d8b1086645952d6d19ebe7338) Importer(815301076,1909f56bfc062723c751e8b465ee728b) Diagnostics callstack to track who triggered the sub-import:
0x00007ff673b70f22 (Unity) ImporterAssetResolver::ResolveAsset
0x00007ff673b43b02 (Unity) ResolveArtifactV2
0x00007ff673b5b4d0 (Unity) ImportToObjects
0x00007ff673b5a7e8 (Unity) ImportAsset
0x00007ff673af7f0f (Unity) AssetImportWorker::Import
0x00007ff673b1aeb2 (Unity) <lambda_9a0c3c600e605f826d039b184a304624>::operator()
0x00007ff673b9f742 (Unity) asio::detail::completion_handler<core::mutable_function<void __cdecl(void)> >::do_complete
0x00007ff673ba19b0 (Unity) asio::detail::win_iocp_io_service::do_one
0x00007ff673ba509e (Unity) asio::io_service::run
0x00007ff673b4472a (Unity) RunAssetImportWorkerClientV2
0x00007ff673b44780 (Unity) RunAssetImporterV2
0x00007ff673649376 (Unity) Application::InitializeProject
0x00007ff673a56eb7 (Unity) WinMain
0x00007ff6755b9672 (Unity) __scrt_common_main_seh
0x00007ff801907034 (KERNEL32) BaseThreadInitThunk
0x00007ff802902651 (ntdll) RtlUserThreadStart

Requesting import of Guid(b02bb80d8b1086645952d6d19ebe7338) Importer(-1,00000000000000000000000000000000), Assets/Prefabs/Wall.prefab from editor
Resuming Guid(b02bb80d8b1086645952d6d19ebe7338) Importer(-1,00000000000000000000000000000000) -> bc8be0cf09388b673b8383bd360bb1a1 
Assertion failed on expression: 'state.state == kUpToDate'

Assertion failed on expression: 'state.artifactID == result'

Diagnostics callstack to track who triggered the sub-import:
0x00007ff673b70f22 (Unity) ImporterAssetResolver::ResolveAsset
0x00007ff673b43b02 (Unity) ResolveArtifactV2
0x00007ff673b3be51 (Unity) ProduceArtifactV2
0x00007ff673ad533e (Unity) AssetDatabase::ProduceArtifact
0x00007ff673ac08d8 (Unity) PreviewImporter::GenerateAssetData
0x00007ff673b5b7ee (Unity) ImportToObjects
0x00007ff673b5a7e8 (Unity) ImportAsset
0x00007ff673af7f0f (Unity) AssetImportWorker::Import
0x00007ff673b1aeb2 (Unity) <lambda_9a0c3c600e605f826d039b184a304624>::operator()
0x00007ff673b9f742 (Unity) asio::detail::completion_handler<core::mutable_function<void __cdecl(void)> >::do_complete
0x00007ff673ba19b0 (Unity) asio::detail::win_iocp_io_service::do_one
0x00007ff673ba509e (Unity) asio::io_service::run
0x00007ff673b4472a (Unity) RunAssetImportWorkerClientV2
0x00007ff673b44780 (Unity) RunAssetImporterV2
0x00007ff673649376 (Unity) Application::InitializeProject
0x00007ff673a56eb7 (Unity) WinMain
0x00007ff6755b9672 (Unity) __scrt_common_main_seh
0x00007ff801907034 (KERNEL32) BaseThreadInitThunk
0x00007ff802902651 (ntdll) RtlUserThreadStart

Requesting import of Guid(b02bb80d8b1086645952d6d19ebe7338) Importer(-1,00000000000000000000000000000000), Assets/Prefabs/Wall.prefab from editor
Resuming Guid(b02bb80d8b1086645952d6d19ebe7338) Importer(-1,00000000000000000000000000000000) -> bc8be0cf09388b673b8383bd360bb1a1 
Assertion failed on expression: 'state.state == kUpToDate'

Assertion failed on expression: 'state.artifactID == result'

 -> (artifact id: 'aed09040b7d89770484106c670fc030e') in 0.020153 seconds 
========================================================================
Received Import Request.
  Time since last request: 2.474399 seconds.
  path: Assets/Prefabs/Wall.prefab
  artifactKey: Guid(b02bb80d8b1086645952d6d19ebe7338) Importer(815301076,1909f56bfc062723c751e8b465ee728b)
Start importing Assets/Prefabs/Wall.prefab using Guid(b02bb80d8b1086645952d6d19ebe7338) Importer(815301076,1909f56bfc062723c751e8b465ee728b) Diagnostics callstack to track who triggered the sub-import:
0x00007ff673b70f22 (Unity) ImporterAssetResolver::ResolveAsset
0x00007ff673b43b02 (Unity) ResolveArtifactV2
0x00007ff673b5b4d0 (Unity) ImportToObjects
0x00007ff673b5a7e8 (Unity) ImportAsset
0x00007ff673af7f0f (Unity) AssetImportWorker::Import
0x00007ff673b1aeb2 (Unity) <lambda_9a0c3c600e605f826d039b184a304624>::operator()
0x00007ff673b9f742 (Unity) asio::detail::completion_handler<core::mutable_function<void __cdecl(void)> >::do_complete
0x00007ff673ba19b0 (Unity) asio::detail::win_iocp_io_service::do_one
0x00007ff673ba509e (Unity) asio::io_service::run
0x00007ff673b4472a (Unity) RunAssetImportWorkerClientV2
0x00007ff673b44780 (Unity) RunAssetImporterV2
0x00007ff673649376 (Unity) Application::InitializeProject
0x00007ff673a56eb7 (Unity) WinMain
0x00007ff6755b9672 (Unity) __scrt_common_main_seh
0x00007ff801907034 (KERNEL32) BaseThreadInitThunk
0x00007ff802902651 (ntdll) RtlUserThreadStart

Requesting import of Guid(b02bb80d8b1086645952d6d19ebe7338) Importer(-1,00000000000000000000000000000000), Assets/Prefabs/Wall.prefab from editor
Resuming Guid(b02bb80d8b1086645952d6d19ebe7338) Importer(-1,00000000000000000000000000000000) -> 04db673322603a2171c1f6b56cf69473 
Assertion failed on expression: 'state.state == kUpToDate'

Assertion failed on expression: 'state.artifactID == result'

Diagnostics callstack to track who triggered the sub-import:
0x00007ff673b70f22 (Unity) ImporterAssetResolver::ResolveAsset
0x00007ff673b43b02 (Unity) ResolveArtifactV2
0x00007ff673b3be51 (Unity) ProduceArtifactV2
0x00007ff673ad533e (Unity) AssetDatabase::ProduceArtifact
0x00007ff673ac08d8 (Unity) PreviewImporter::GenerateAssetData
0x00007ff673b5b7ee (Unity) ImportToObjects
0x00007ff673b5a7e8 (Unity) ImportAsset
0x00007ff673af7f0f (Unity) AssetImportWorker::Import
0x00007ff673b1aeb2 (Unity) <lambda_9a0c3c600e605f826d039b184a304624>::operator()
0x00007ff673b9f742 (Unity) asio::detail::completion_handler<core::mutable_function<void __cdecl(void)> >::do_complete
0x00007ff673ba19b0 (Unity) asio::detail::win_iocp_io_service::do_one
0x00007ff673ba509e (Unity) asio::io_service::run
0x00007ff673b4472a (Unity) RunAssetImportWorkerClientV2
0x00007ff673b44780 (Unity) RunAssetImporterV2
0x00007ff673649376 (Unity) Application::InitializeProject
0x00007ff673a56eb7 (Unity) WinMain
0x00007ff6755b9672 (Unity) __scrt_common_main_seh
0x00007ff801907034 (KERNEL32) BaseThreadInitThunk
0x00007ff802902651 (ntdll) RtlUserThreadStart

Requesting import of Guid(b02bb80d8b1086645952d6d19ebe7338) Importer(-1,00000000000000000000000000000000), Assets/Prefabs/Wall.prefab from editor
Resuming Guid(b02bb80d8b1086645952d6d19ebe7338) Importer(-1,00000000000000000000000000000000) -> 04db673322603a2171c1f6b56cf69473 
Assertion failed on expression: 'state.state == kUpToDate'

Assertion failed on expression: 'state.artifactID == result'

 -> (artifact id: '4d8038479ec415df69d35cf42df1b910') in 0.011140 seconds 
========================================================================
Received Import Request.
  Time since last request: 236.287124 seconds.
  path: Assets/Prefabs/Wall.prefab
  artifactKey: Guid(b02bb80d8b1086645952d6d19ebe7338) Importer(815301076,1909f56bfc062723c751e8b465ee728b)
Start importing Assets/Prefabs/Wall.prefab using Guid(b02bb80d8b1086645952d6d19ebe7338) Importer(815301076,1909f56bfc062723c751e8b465ee728b) Diagnostics callstack to track who triggered the sub-import:
0x00007ff673b70f22 (Unity) ImporterAssetResolver::ResolveAsset
0x00007ff673b43b02 (Unity) ResolveArtifactV2
0x00007ff673b5b4d0 (Unity) ImportToObjects
0x00007ff673b5a7e8 (Unity) ImportAsset
0x00007ff673af7f0f (Unity) AssetImportWorker::Import
0x00007ff673b1aeb2 (Unity) <lambda_9a0c3c600e605f826d039b184a304624>::operator()
0x00007ff673b9f742 (Unity) asio::detail::completion_handler<core::mutable_function<void __cdecl(void)> >::do_complete
0x00007ff673ba19b0 (Unity) asio::detail::win_iocp_io_service::do_one
0x00007ff673ba509e (Unity) asio::io_service::run
0x00007ff673b4472a (Unity) RunAssetImportWorkerClientV2
0x00007ff673b44780 (Unity) RunAssetImporterV2
0x00007ff673649376 (Unity) Application::InitializeProject
0x00007ff673a56eb7 (Unity) WinMain
0x00007ff6755b9672 (Unity) __scrt_common_main_seh
0x00007ff801907034 (KERNEL32) BaseThreadInitThunk
0x00007ff802902651 (ntdll) RtlUserThreadStart

Requesting import of Guid(b02bb80d8b1086645952d6d19ebe7338) Importer(-1,00000000000000000000000000000000), Assets/Prefabs/Wall.prefab from editor
Resuming Guid(b02bb80d8b1086645952d6d19ebe7338) Importer(-1,00000000000000000000000000000000) -> 04db673322603a2171c1f6b56cf69473 
Assertion failed on expression: 'state.state == kUpToDate'

Assertion failed on expression: 'state.artifactID == result'

Diagnostics callstack to track who triggered the sub-import:
0x00007ff673b70f22 (Unity) ImporterAssetResolver::ResolveAsset
0x00007ff673b43b02 (Unity) ResolveArtifactV2
0x00007ff673b3be51 (Unity) ProduceArtifactV2
0x00007ff673ad533e (Unity) AssetDatabase::ProduceArtifact
0x00007ff673ac08d8 (Unity) PreviewImporter::GenerateAssetData
0x00007ff673b5b7ee (Unity) ImportToObjects
0x00007ff673b5a7e8 (Unity) ImportAsset
0x00007ff673af7f0f (Unity) AssetImportWorker::Import
0x00007ff673b1aeb2 (Unity) <lambda_9a0c3c600e605f826d039b184a304624>::operator()
0x00007ff673b9f742 (Unity) asio::detail::completion_handler<core::mutable_function<void __cdecl(void)> >::do_complete
0x00007ff673ba19b0 (Unity) asio::detail::win_iocp_io_service::do_one
0x00007ff673ba509e (Unity) asio::io_service::run
0x00007ff673b4472a (Unity) RunAssetImportWorkerClientV2
0x00007ff673b44780 (Unity) RunAssetImporterV2
0x00007ff673649376 (Unity) Application::InitializeProject
0x00007ff673a56eb7 (Unity) WinMain
0x00007ff6755b9672 (Unity) __scrt_common_main_seh
0x00007ff801907034 (KERNEL32) BaseThreadInitThunk
0x00007ff802902651 (ntdll) RtlUserThreadStart

Requesting import of Guid(b02bb80d8b1086645952d6d19ebe7338) Importer(-1,00000000000000000000000000000000), Assets/Prefabs/Wall.prefab from editor
Resuming Guid(b02bb80d8b1086645952d6d19ebe7338) Importer(-1,00000000000000000000000000000000) -> 04db673322603a2171c1f6b56cf69473 
Assertion failed on expression: 'state.state == kUpToDate'

Assertion failed on expression: 'state.artifactID == result'

 -> (artifact id: '4d8038479ec415df69d35cf42df1b910') in 0.014152 seconds 
========================================================================
Received Import Request.
  Time since last request: 143.566013 seconds.
  path: Assets/Prefabs/Wall.prefab
  artifactKey: Guid(b02bb80d8b1086645952d6d19ebe7338) Importer(815301076,1909f56bfc062723c751e8b465ee728b)
Start importing Assets/Prefabs/Wall.prefab using Guid(b02bb80d8b1086645952d6d19ebe7338) Importer(815301076,1909f56bfc062723c751e8b465ee728b) Diagnostics callstack to track who triggered the sub-import:
0x00007ff673b70f22 (Unity) ImporterAssetResolver::ResolveAsset
0x00007ff673b43b02 (Unity) ResolveArtifactV2
0x00007ff673b5b4d0 (Unity) ImportToObjects
0x00007ff673b5a7e8 (Unity) ImportAsset
0x00007ff673af7f0f (Unity) AssetImportWorker::Import
0x00007ff673b1aeb2 (Unity) <lambda_9a0c3c600e605f826d039b184a304624>::operator()
0x00007ff673b9f742 (Unity) asio::detail::completion_handler<core::mutable_function<void __cdecl(void)> >::do_complete
0x00007ff673ba19b0 (Unity) asio::detail::win_iocp_io_service::do_one
0x00007ff673ba509e (Unity) asio::io_service::run
0x00007ff673b4472a (Unity) RunAssetImportWorkerClientV2
0x00007ff673b44780 (Unity) RunAssetImporterV2
0x00007ff673649376 (Unity) Application::InitializeProject
0x00007ff673a56eb7 (Unity) WinMain
0x00007ff6755b9672 (Unity) __scrt_common_main_seh
0x00007ff801907034 (KERNEL32) BaseThreadInitThunk
0x00007ff802902651 (ntdll) RtlUserThreadStart

Requesting import of Guid(b02bb80d8b1086645952d6d19ebe7338) Importer(-1,00000000000000000000000000000000), Assets/Prefabs/Wall.prefab from editor
Resuming Guid(b02bb80d8b1086645952d6d19ebe7338) Importer(-1,00000000000000000000000000000000) -> 04db673322603a2171c1f6b56cf69473 
Assertion failed on expression: 'state.state == kUpToDate'

Assertion failed on expression: 'state.artifactID == result'

Diagnostics callstack to track who triggered the sub-import:
0x00007ff673b70f22 (Unity) ImporterAssetResolver::ResolveAsset
0x00007ff673b43b02 (Unity) ResolveArtifactV2
0x00007ff673b3be51 (Unity) ProduceArtifactV2
0x00007ff673ad533e (Unity) AssetDatabase::ProduceArtifact
0x00007ff673ac08d8 (Unity) PreviewImporter::GenerateAssetData
0x00007ff673b5b7ee (Unity) ImportToObjects
0x00007ff673b5a7e8 (Unity) ImportAsset
0x00007ff673af7f0f (Unity) AssetImportWorker::Import
0x00007ff673b1aeb2 (Unity) <lambda_9a0c3c600e605f826d039b184a304624>::operator()
0x00007ff673b9f742 (Unity) asio::detail::completion_handler<core::mutable_function<void __cdecl(void)> >::do_complete
0x00007ff673ba19b0 (Unity) asio::detail::win_iocp_io_service::do_one
0x00007ff673ba509e (Unity) asio::io_service::run
0x00007ff673b4472a (Unity) RunAssetImportWorkerClientV2
0x00007ff673b44780 (Unity) RunAssetImporterV2
0x00007ff673649376 (Unity) Application::InitializeProject
0x00007ff673a56eb7 (Unity) WinMain
0x00007ff6755b9672 (Unity) __scrt_common_main_seh
0x00007ff801907034 (KERNEL32) BaseThreadInitThunk
0x00007ff802902651 (ntdll) RtlUserThreadStart

Requesting import of Guid(b02bb80d8b1086645952d6d19ebe7338) Importer(-1,00000000000000000000000000000000), Assets/Prefabs/Wall.prefab from editor
Resuming Guid(b02bb80d8b1086645952d6d19ebe7338) Importer(-1,00000000000000000000000000000000) -> 04db673322603a2171c1f6b56cf69473 
Assertion failed on expression: 'state.state == kUpToDate'

Assertion failed on expression: 'state.artifactID == result'

 -> (artifact id: '4d8038479ec415df69d35cf42df1b910') in 0.005966 seconds 
========================================================================
Received Import Request.
  Time since last request: 3.242774 seconds.
  path: Assets/NavMeshPlus-master/NavMeshComponents
  artifactKey: Guid(7519ca32c072961498ed3151eae536a1) Importer(815301076,1909f56bfc062723c751e8b465ee728b)
Start importing Assets/NavMeshPlus-master/NavMeshComponents using Guid(7519ca32c072961498ed3151eae536a1) Importer(815301076,1909f56bfc062723c751e8b465ee728b)  -> (artifact id: '36a29c431279105c92587c4f27cb2b8b') in 0.005215 seconds 
========================================================================
Received Import Request.
  Time since last request: 1.346162 seconds.
  path: Assets/NavMeshPlus-master/NavMeshComponents/Scripts
  artifactKey: Guid(ce67aa87f613246dda63a54a59c6399e) Importer(815301076,1909f56bfc062723c751e8b465ee728b)
Start importing Assets/NavMeshPlus-master/NavMeshComponents/Scripts using Guid(ce67aa87f613246dda63a54a59c6399e) Importer(815301076,1909f56bfc062723c751e8b465ee728b)  -> (artifact id: '1c4247873b31577c2910567b1dc55327') in 0.008474 seconds 
========================================================================
Received Import Request.
  Time since last request: 28.257600 seconds.
  path: Assets/NavMeshPlus-master/NavMeshComponents/Scripts/NavMeshComponents.asmdef
  artifactKey: Guid(8c4dd21966739024fbd72155091d199e) Importer(815301076,1909f56bfc062723c751e8b465ee728b)
Start importing Assets/NavMeshPlus-master/NavMeshComponents/Scripts/NavMeshComponents.asmdef using Guid(8c4dd21966739024fbd72155091d199e) Importer(815301076,1909f56bfc062723c751e8b465ee728b)  -> (artifact id: '0409f1606e3625ddd4d1f4ede87b05ed') in 0.004488 seconds 
========================================================================
Received Prepare
Registering precompiled user dll's ...
Registered in 0.000783 seconds.
Begin MonoManager ReloadAssembly
Native extension for Lumin target not found
Native extension for LinuxStandalone target not found
Native extension for WindowsStandalone target not found
Native extension for OSXStandalone target not found
Native extension for WebGL target not found
Refreshing native plugins compatible for Editor in 0.34 ms, found 1 plugins.
Preloading 0 native plugins for Editor in 0.00 ms.
Mono: successfully reloaded assembly
- Completed reload, in  0.934 seconds
Platform modules already initialized, skipping
Refreshing native plugins compatible for Editor in 0.34 ms, found 1 plugins.
Preloading 0 native plugins for Editor in 0.00 ms.
Unloading 1863 Unused Serialized files (Serialized files now loaded: 0)
System memory in use before: 97.8 MB.
System memory in use after: 97.9 MB.

Unloading 8 unused Assets to reduce memory usage. Loaded Objects now: 2412.
Total: 2.319000 ms (FindLiveObjects: 0.153100 ms CreateObjectMapping: 0.065900 ms MarkObjects: 2.084900 ms  DeleteObjects: 0.014000 ms)

========================================================================
Received Prepare
Registering precompiled user dll's ...
Registered in 0.000786 seconds.
Begin MonoManager ReloadAssembly
Native extension for Lumin target not found
Native extension for LinuxStandalone target not found
Native extension for WindowsStandalone target not found
Native extension for OSXStandalone target not found
Native extension for WebGL target not found
Refreshing native plugins compatible for Editor in 0.35 ms, found 1 plugins.
Preloading 0 native plugins for Editor in 0.00 ms.
Mono: successfully reloaded assembly
- Completed reload, in  1.010 seconds
Platform modules already initialized, skipping
Refreshing native plugins compatible for Editor in 0.35 ms, found 1 plugins.
Preloading 0 native plugins for Editor in 0.00 ms.
Unloading 1849 Unused Serialized files (Serialized files now loaded: 0)
System memory in use before: 97.5 MB.
System memory in use after: 97.6 MB.

Unloading 8 unused Assets to reduce memory usage. Loaded Objects now: 2415.
Total: 6.116100 ms (FindLiveObjects: 0.237800 ms CreateObjectMapping: 0.110100 ms MarkObjects: 5.748900 ms  DeleteObjects: 0.017700 ms)

========================================================================
Received Import Request.
  Time since last request: 325.138592 seconds.
  path: Assets/Prefabs/Wall.prefab
  artifactKey: Guid(b02bb80d8b1086645952d6d19ebe7338) Importer(815301076,1909f56bfc062723c751e8b465ee728b)
Start importing Assets/Prefabs/Wall.prefab using Guid(b02bb80d8b1086645952d6d19ebe7338) Importer(815301076,1909f56bfc062723c751e8b465ee728b)  -> (artifact id: '5b2a60dfd7aeb523e3d95b72b83e0cbe') in 0.051351 seconds 
========================================================================
Received Prepare
Registering precompiled user dll's ...
Registered in 0.000789 seconds.
Begin MonoManager ReloadAssembly
Native extension for Lumin target not found
Native extension for LinuxStandalone target not found
Native extension for WindowsStandalone target not found
Native extension for OSXStandalone target not found
Native extension for WebGL target not found
Refreshing native plugins compatible for Editor in 0.36 ms, found 1 plugins.
Preloading 0 native plugins for Editor in 0.00 ms.
Mono: successfully reloaded assembly
- Completed reload, in  0.917 seconds
Platform modules already initialized, skipping
Refreshing native plugins compatible for Editor in 0.35 ms, found 1 plugins.
Preloading 0 native plugins for Editor in 0.00 ms.
Unloading 1849 Unused Serialized files (Serialized files now loaded: 0)
System memory in use before: 97.5 MB.
System memory in use after: 97.6 MB.

Unloading 8 unused Assets to reduce memory usage. Loaded Objects now: 2419.
Total: 2.283500 ms (FindLiveObjects: 0.182800 ms CreateObjectMapping: 0.083100 ms MarkObjects: 1.998000 ms  DeleteObjects: 0.017800 ms)

AssetImportWorkerClient::OnTransportError - code=2 error=End of file
